Log file open, 05/04/23 16:16:14
LogWindows: Failed to load 'aqProf.dll' (GetLastError=126)
LogWindows: File 'aqProf.dll' does not exist
LogWindows: Failed to load 'VtuneApi.dll' (GetLastError=126)
LogWindows: File 'VtuneApi.dll' does not exist
LogWindows: Failed to load 'VtuneApi32e.dll' (GetLastError=126)
LogWindows: File 'VtuneApi32e.dll' does not exist
LogConsoleResponse: Display: Failed to find resolution value strings in scalability ini. Falling back to default.
LogConsoleResponse: Display: Failed to find resolution value strings in scalability ini. Falling back to default.
LogInit: Display: Running engine for game: Body
LogPlatformFile: Not using cached read wrapper
LogTaskGraph: Started task graph with 5 named threads and 47 total threads with 3 sets of task threads.
LogStats: Stats thread started at 0.364524
LogICUInternationalization: ICU TimeZone Detection - Raw Offset: +0:00, Platform Override: ''
LogInit: Display: Loading text-based GConfig....
LogPluginManager: Mounting plugin MeshPainting
LogPluginManager: Mounting plugin XGEController
LogPluginManager: Mounting plugin AISupport
LogPluginManager: Mounting plugin Paper2D
LogPluginManager: Mounting plugin CurveEditorTools
LogPluginManager: Mounting plugin DataValidation
LogPluginManager: Mounting plugin FacialAnimation
LogPluginManager: Mounting plugin GameplayTagsEditor
LogPluginManager: Mounting plugin GeometryMode
LogPluginManager: Mounting plugin LightPropagationVolume
LogPluginManager: Mounting plugin MaterialAnalyzer
LogPluginManager: Mounting plugin MobileLauncherProfileWizard
LogPluginManager: Mounting plugin MacGraphicsSwitching
LogPluginManager: Mounting plugin PluginBrowser
LogPluginManager: Mounting plugin AnimationSharing
LogPluginManager: Mounting plugin CLionSourceCodeAccess
LogPluginManager: Mounting plugin SpeedTreeImporter
LogPluginManager: Mounting plugin LiveLink
LogPluginManager: Mounting plugin CodeLiteSourceCodeAccess
LogPluginManager: Mounting plugin GitSourceControl
LogPluginManager: Mounting plugin PixWinPlugin
LogPluginManager: Mounting plugin PerforceSourceControl
LogPluginManager: Mounting plugin NullSourceCodeAccess
LogPluginManager: Mounting plugin DatasmithContent
LogPluginManager: Mounting plugin AssetManagerEditor
LogPluginManager: Mounting plugin PlasticSourceControl
LogPluginManager: Mounting plugin PluginUtils
LogPluginManager: Mounting plugin PropertyAccessNode
LogPluginManager: Mounting plugin KDevelopSourceCodeAccess
LogPluginManager: Mounting plugin RiderSourceCodeAccess
LogPluginManager: Mounting plugin SubversionSourceControl
LogPluginManager: Mounting plugin TextureFormatOodle
LogPluginManager: Mounting plugin UObjectPlugin
LogPluginManager: Mounting plugin VariantManagerContent
LogPluginManager: Mounting plugin VisualStudioSourceCodeAccess
LogPluginManager: Mounting plugin VisualStudioCodeSourceCodeAccess
LogPluginManager: Mounting plugin XCodeSourceCodeAccess
LogPluginManager: Mounting plugin OodleData
LogPluginManager: Mounting plugin OodleNetwork
LogPluginManager: Mounting plugin Niagara
LogPluginManager: Mounting plugin MagicLeap
LogPluginManager: Mounting plugin CryptoKeys
LogPluginManager: Mounting plugin MagicLeapLightEstimation
LogPluginManager: Mounting plugin MagicLeapMedia
LogPluginManager: Mounting plugin MagicLeapPassableWorld
LogPluginManager: Mounting plugin AndroidMedia
LogPluginManager: Mounting plugin AvfMedia
LogPluginManager: Mounting plugin ImgMedia
LogPluginManager: Mounting plugin MediaCompositing
LogPluginManager: Mounting plugin MediaPlayerEditor
LogPluginManager: Mounting plugin WmfMedia
LogPluginManager: Mounting plugin WebMMedia
LogPluginManager: Mounting plugin LuminPlatformFeatures
LogPluginManager: Mounting plugin ActorSequence
LogPluginManager: Mounting plugin LevelSequenceEditor
LogPluginManager: Mounting plugin MatineeToLevelSequence
LogPluginManager: Mounting plugin TemplateSequence
LogPluginManager: Mounting plugin LauncherChunkInstaller
LogPluginManager: Mounting plugin GameplayCameras
LogPluginManager: Mounting plugin TcpMessaging
LogPluginManager: Mounting plugin UdpMessaging
LogPluginManager: Mounting plugin ActorLayerUtilities
LogPluginManager: Mounting plugin AndroidMoviePlayer
LogPluginManager: Mounting plugin AndroidPermission
LogPluginManager: Mounting plugin AppleImageUtils
LogPluginManager: Mounting plugin AppleMoviePlayer
LogPluginManager: Mounting plugin ArchVisCharacter
LogPluginManager: Mounting plugin AssetTags
LogPluginManager: Mounting plugin AudioCapture
LogPluginManager: Mounting plugin MLSDK
LogPluginManager: Mounting plugin AudioSynesthesia
LogPluginManager: Mounting plugin CableComponent
LogPluginManager: Mounting plugin CustomMeshComponent
LogPluginManager: Mounting plugin ChunkDownloader
LogPluginManager: Mounting plugin EditableMesh
LogPluginManager: Mounting plugin ExampleDeviceProfileSelector
LogPluginManager: Mounting plugin AndroidDeviceProfileSelector
LogPluginManager: Mounting plugin CameraShakePreviewer
LogPluginManager: Mounting plugin GoogleCloudMessaging
LogPluginManager: Mounting plugin GooglePAD
LogPluginManager: Mounting plugin LinuxDeviceProfileSelector
LogPluginManager: Mounting plugin IOSDeviceProfileSelector
LogPluginManager: Mounting plugin LocationServicesBPLibrary
LogPluginManager: Mounting plugin MobilePatchingUtils
LogPluginManager: Mounting plugin OpenXR
LogPluginManager: Mounting plugin OpenXREyeTracker
LogPluginManager: Mounting plugin EnvironmentQueryEditor
LogPluginManager: Mounting plugin OpenXRHandTracking
LogPluginManager: Mounting plugin PhysXVehicles
LogPluginManager: Mounting plugin PostSplashScreen
LogPluginManager: Mounting plugin ProceduralMeshComponent
LogPluginManager: Mounting plugin PropertyAccessEditor
LogPluginManager: Mounting plugin RuntimePhysXCooking
LogPluginManager: Mounting plugin SignificanceManager
LogPluginManager: Mounting plugin SoundFields
LogPluginManager: Mounting plugin Synthesis
LogPluginManager: Mounting plugin WebMMoviePlayer
LogPluginManager: Mounting plugin WindowsMoviePlayer
LogPluginManager: Mounting plugin ScreenshotTools
LogPluginManager: Mounting plugin Takes
LogPluginManager: Mounting plugin AlembicImporter
LogPluginManager: Mounting plugin AutomationUtils
LogPluginManager: Mounting plugin BackChannel
LogPluginManager: Mounting plugin ChaosCloth
LogPluginManager: Mounting plugin ChaosClothEditor
LogPluginManager: Mounting plugin ChaosEditor
LogPluginManager: Mounting plugin ChaosNiagara
LogPluginManager: Mounting plugin ChaosSolverPlugin
LogPluginManager: Mounting plugin CharacterAI
LogPluginManager: Mounting plugin OnlineSubsystem
LogPluginManager: Mounting plugin OnlineSubsystemNull
LogPluginManager: Mounting plugin OnlineSubsystemUtils
LogPluginManager: Mounting plugin GeometryCache
LogPluginManager: Mounting plugin GeometryCollectionPlugin
LogPluginManager: Mounting plugin MotoSynth
LogPluginManager: Mounting plugin OpenImageDenoise
LogPluginManager: Mounting plugin PlatformCrypto
LogPluginManager: Mounting plugin PlanarCut
LogPluginManager: Mounting plugin PythonScriptPlugin
LogPluginManager: Mounting plugin ProxyLODPlugin
LogPluginManager: Mounting plugin GeometryProcessing
LogPluginManager: Mounting plugin SkeletalReduction
LogPluginManager: Mounting plugin ContentBrowserAssetDataSource
LogPluginManager: Mounting plugin ContentBrowserClassDataSource
LogPluginManager: Mounting plugin ContentBrowserFileDataSource
LogPluginManager: Mounting plugin OculusVR
LogPluginManager: Mounting plugin SteamVR
LogPluginManager: Mounting plugin OnlineSubsystemGooglePlay
LogPluginManager: Mounting plugin OnlineSubsystemIOS
PixWinPlugin: PIX capture plugin failed to initialize! Check that the process is launched from PIX.
LogInit: Using libcurl 7.55.1-DEV
LogInit:  - built for x86_64-pc-win32
LogInit:  - supports SSL with OpenSSL/1.1.1
LogInit:  - supports HTTP deflate (compression) using libz 1.2.8
LogInit:  - other features:
LogInit:      CURL_VERSION_SSL
LogInit:      CURL_VERSION_LIBZ
LogInit:      CURL_VERSION_IPV6
LogInit:      CURL_VERSION_ASYNCHDNS
LogInit:      CURL_VERSION_LARGEFILE
LogInit:      CURL_VERSION_IDN
LogInit:  CurlRequestOptions (configurable via config and command line):
LogInit:  - bVerifyPeer = true  - Libcurl will verify peer certificate
LogInit:  - bUseHttpProxy = false  - Libcurl will NOT use HTTP proxy
LogInit:  - bDontReuseConnections = false  - Libcurl will reuse connections
LogInit:  - MaxHostConnections = 16  - Libcurl will limit the number of connections to a host
LogInit:  - LocalHostAddr = Default
LogInit:  - BufferSize = 65536
LogOnline: OSS: Creating online subsystem instance for: NULL
LogInit: WinSock: version 1.1 (2.2), MaxSocks=32767, MaxUdp=65467
LogOnline: OSS: TryLoadSubsystemAndSetDefault: Loaded subsystem for module [NULL]
LogOculusPluginWrapper: OculusPlugin initialized successfully
LogHMD: Failed initializing OVRPlugin 1.59.0
LogInit: Build: ++UE4+Release-4.27-CL-18319896
LogInit: Engine Version: 4.27.2-18319896+++UE4+Release-4.27
LogInit: Compatible Engine Version: 4.27.0-17155196+++UE4+Release-4.27
LogInit: Net CL: 17155196
LogInit: OS: Windows 10 (Release 2009) (), CPU: 12th Gen Intel(R) Core(TM) i7-1260P, GPU: Intel(R) Iris(R) Xe Graphics
LogInit: Compiled (64-bit): Nov 30 2021 07:12:08
LogInit: Compiled with Visual C++: 19.24.28315.00
LogInit: Build Configuration: Development
LogInit: Branch Name: ++UE4+Release-4.27
LogInit: Command Line:  /Game/TwinStickBP/Maps/TwinStickExampleMap -game -PIEVIACONSOLE -Multiprocess GameUserSettingsINI=C:/Users/nerdb/OneDrive/Documents/Body/Body/Saved/Config/Windows/PIEGameUserSettings0.ini -MultiprocessSaveConfig -forcepassthrough -messaging -SessionName="Play in Standalone Game" -windowed -ResX=1280 -ResY=720
LogInit: Base Directory: C:/Program Files/Epic Games/UE_4.27/Engine/Binaries/Win64/
LogInit: Allocator: TBB
LogInit: Installed Engine Build: 1
LogDevObjectVersion: Number of dev versions registered: 29
LogDevObjectVersion:   Dev-Blueprints (B0D832E4-1F89-4F0D-ACCF-7EB736FD4AA2): 10
LogDevObjectVersion:   Dev-Build (E1C64328-A22C-4D53-A36C-8E866417BD8C): 0
LogDevObjectVersion:   Dev-Core (375EC13C-06E4-48FB-B500-84F0262A717E): 4
LogDevObjectVersion:   Dev-Editor (E4B068ED-F494-42E9-A231-DA0B2E46BB41): 40
LogDevObjectVersion:   Dev-Framework (CFFC743F-43B0-4480-9391-14DF171D2073): 37
LogDevObjectVersion:   Dev-Mobile (B02B49B5-BB20-44E9-A304-32B752E40360): 3
LogDevObjectVersion:   Dev-Networking (A4E4105C-59A1-49B5-A7C5-40C4547EDFEE): 0
LogDevObjectVersion:   Dev-Online (39C831C9-5AE6-47DC-9A44-9C173E1C8E7C): 0
LogDevObjectVersion:   Dev-Physics (78F01B33-EBEA-4F98-B9B4-84EACCB95AA2): 14
LogDevObjectVersion:   Dev-Platform (6631380F-2D4D-43E0-8009-CF276956A95A): 0
LogDevObjectVersion:   Dev-Rendering (12F88B9F-8875-4AFC-A67C-D90C383ABD29): 45
LogDevObjectVersion:   Dev-Sequencer (7B5AE74C-D270-4C10-A958-57980B212A5A): 13
LogDevObjectVersion:   Dev-VR (D7296918-1DD6-4BDD-9DE2-64A83CC13884): 3
LogDevObjectVersion:   Dev-LoadTimes (C2A15278-BFE7-4AFE-6C17-90FF531DF755): 1
LogDevObjectVersion:   Private-Geometry (6EACA3D4-40EC-4CC1-B786-8BED09428FC5): 3
LogDevObjectVersion:   Dev-AnimPhys (29E575DD-E0A3-4627-9D10-D276232CDCEA): 17
LogDevObjectVersion:   Dev-Anim (AF43A65D-7FD3-4947-9873-3E8ED9C1BB05): 15
LogDevObjectVersion:   Dev-ReflectionCapture (6B266CEC-1EC7-4B8F-A30B-E4D90942FC07): 1
LogDevObjectVersion:   Dev-Automation (0DF73D61-A23F-47EA-B727-89E90C41499A): 1
LogDevObjectVersion:   FortniteMain (601D1886-AC64-4F84-AA16-D3DE0DEAC7D6): 47
LogDevObjectVersion:   FortniteRelease (E7086368-6B23-4C58-8439-1B7016265E91): 1
LogDevObjectVersion:   Dev-Enterprise (9DFFBCD6-494F-0158-E221-12823C92A888): 10
LogDevObjectVersion:   Dev-Niagara (F2AED0AC-9AFE-416F-8664-AA7FFA26D6FC): 1
LogDevObjectVersion:   Dev-Destruction (174F1F0B-B4C6-45A5-B13F-2EE8D0FB917D): 10
LogDevObjectVersion:   Dev-Physics-Ext (35F94A83-E258-406C-A318-09F59610247C): 41
LogDevObjectVersion:   Dev-PhysicsMaterial-Chaos (B68FC16E-8B1B-42E2-B453-215C058844FE): 1
LogDevObjectVersion:   Dev-CineCamera (B2E18506-4273-CFC2-A54E-F4BB758BBA07): 1
LogDevObjectVersion:   Dev-VirtualProduction (64F58936-FD1B-42BA-BA96-7289D5D0FA4E): 1
LogDevObjectVersion:   Dev-MediaFramework (6F0ED827-A609-4895-9C91-998D90180EA4): 2
LogInit: Presizing for max 25165824 objects, including 0 objects not considered by GC, pre-allocating 0 bytes for permanent pool.
LogConfig: Applying CVar settings from Section [/Script/Engine.StreamingSettings] File [C:/Users/nerdb/OneDrive/Documents/Body/Body/Saved/Config/Windows/Engine.ini]
LogConfig: Setting CVar [[s.MinBulkDataSizeForAsyncLoading:131072]]
LogConfig: Setting CVar [[s.AsyncLoadingThreadEnabled:0]]
LogConfig: Setting CVar [[s.EventDrivenLoaderEnabled:1]]
LogConfig: Setting CVar [[s.WarnIfTimeLimitExceeded:0]]
LogConfig: Setting CVar [[s.TimeLimitExceededMultiplier:1.5]]
LogConfig: Setting CVar [[s.TimeLimitExceededMinTime:0.005]]
LogConfig: Setting CVar [[s.UseBackgroundLevelStreaming:1]]
LogConfig: Setting CVar [[s.PriorityAsyncLoadingExtraTime:15.0]]
LogConfig: Setting CVar [[s.LevelStreamingActorsUpdateTimeLimit:5.0]]
LogConfig: Setting CVar [[s.PriorityLevelStreamingActorsUpdateExtraTime:5.0]]
LogConfig: Setting CVar [[s.LevelStreamingComponentsRegistrationGranularity:10]]
LogConfig: Setting CVar [[s.UnregisterComponentsTimeLimit:1.0]]
LogConfig: Setting CVar [[s.LevelStreamingComponentsUnregistrationGranularity:5]]
LogConfig: Setting CVar [[s.FlushStreamingOnExit:1]]
LogInit: Object subsystem initialized
LogConfig: Setting CVar [[con.DebugEarlyDefault:1]]
LogConfig: Setting CVar [[r.setres:1280x720]]
[2023.05.04-15.16.16:364][  0]LogConfig: Setting CVar [[con.DebugEarlyDefault:1]]
[2023.05.04-15.16.16:364][  0]LogConfig: Setting CVar [[r.setres:1280x720]]
[2023.05.04-15.16.16:364][  0]LogConfig: Applying CVar settings from Section [/Script/Engine.RendererSettings] File [C:/Users/nerdb/OneDrive/Documents/Body/Body/Saved/Config/Windows/Engine.ini]
[2023.05.04-15.16.16:364][  0]LogConfig: Setting CVar [[r.GPUCrashDebugging:0]]
[2023.05.04-15.16.16:364][  0]LogConfig: Setting CVar [[r.DefaultFeature.AntiAliasing:1]]
[2023.05.04-15.16.16:364][  0]LogConfig: Setting CVar [[r.DefaultFeature.MotionBlur:0]]
[2023.05.04-15.16.16:364][  0]LogConfig: Setting CVar [[r.DefaultFeature.Bloom:0]]
[2023.05.04-15.16.16:364][  0]LogConfig: Setting CVar [[r.DefaultFeature.AutoExposure:0]]
[2023.05.04-15.16.16:364][  0]LogConfig: Applying CVar settings from Section [/Script/Engine.RendererOverrideSettings] File [C:/Users/nerdb/OneDrive/Documents/Body/Body/Saved/Config/Windows/Engine.ini]
[2023.05.04-15.16.16:364][  0]LogConfig: Applying CVar settings from Section [/Script/Engine.StreamingSettings] File [C:/Users/nerdb/OneDrive/Documents/Body/Body/Saved/Config/Windows/Engine.ini]
[2023.05.04-15.16.16:364][  0]LogConfig: Setting CVar [[s.MinBulkDataSizeForAsyncLoading:131072]]
[2023.05.04-15.16.16:364][  0]LogConfig: Setting CVar [[s.AsyncLoadingThreadEnabled:0]]
[2023.05.04-15.16.16:364][  0]LogConfig: Setting CVar [[s.EventDrivenLoaderEnabled:1]]
[2023.05.04-15.16.16:364][  0]LogConfig: Setting CVar [[s.WarnIfTimeLimitExceeded:0]]
[2023.05.04-15.16.16:364][  0]LogConfig: Setting CVar [[s.TimeLimitExceededMultiplier:1.5]]
[2023.05.04-15.16.16:364][  0]LogConfig: Setting CVar [[s.TimeLimitExceededMinTime:0.005]]
[2023.05.04-15.16.16:364][  0]LogConfig: Setting CVar [[s.UseBackgroundLevelStreaming:1]]
[2023.05.04-15.16.16:364][  0]LogConfig: Setting CVar [[s.PriorityAsyncLoadingExtraTime:15.0]]
[2023.05.04-15.16.16:364][  0]LogConfig: Setting CVar [[s.LevelStreamingActorsUpdateTimeLimit:5.0]]
[2023.05.04-15.16.16:364][  0]LogConfig: Setting CVar [[s.PriorityLevelStreamingActorsUpdateExtraTime:5.0]]
[2023.05.04-15.16.16:364][  0]LogConfig: Setting CVar [[s.LevelStreamingComponentsRegistrationGranularity:10]]
[2023.05.04-15.16.16:364][  0]LogConfig: Setting CVar [[s.UnregisterComponentsTimeLimit:1.0]]
[2023.05.04-15.16.16:364][  0]LogConfig: Setting CVar [[s.LevelStreamingComponentsUnregistrationGranularity:5]]
[2023.05.04-15.16.16:364][  0]LogConfig: Setting CVar [[s.FlushStreamingOnExit:1]]
[2023.05.04-15.16.16:364][  0]LogConfig: Applying CVar settings from Section [/Script/Engine.GarbageCollectionSettings] File [C:/Users/nerdb/OneDrive/Documents/Body/Body/Saved/Config/Windows/Engine.ini]
[2023.05.04-15.16.16:364][  0]LogConfig: Setting CVar [[gc.MaxObjectsNotConsideredByGC:1]]
[2023.05.04-15.16.16:364][  0]LogConfig: Setting CVar [[gc.SizeOfPermanentObjectPool:0]]
[2023.05.04-15.16.16:364][  0]LogConfig: Setting CVar [[gc.FlushStreamingOnGC:0]]
[2023.05.04-15.16.16:364][  0]LogConfig: Setting CVar [[gc.NumRetriesBeforeForcingGC:10]]
[2023.05.04-15.16.16:364][  0]LogConfig: Setting CVar [[gc.AllowParallelGC:1]]
[2023.05.04-15.16.16:364][  0]LogConfig: Setting CVar [[gc.TimeBetweenPurgingPendingKillObjects:61.1]]
[2023.05.04-15.16.16:364][  0]LogConfig: Setting CVar [[gc.MaxObjectsInEditor:25165824]]
[2023.05.04-15.16.16:364][  0]LogConfig: Setting CVar [[gc.IncrementalBeginDestroyEnabled:1]]
[2023.05.04-15.16.16:364][  0]LogConfig: Setting CVar [[gc.CreateGCClusters:1]]
[2023.05.04-15.16.16:364][  0]LogConfig: Setting CVar [[gc.MinGCClusterSize:5]]
[2023.05.04-15.16.16:364][  0]LogConfig: Setting CVar [[gc.ActorClusteringEnabled:0]]
[2023.05.04-15.16.16:364][  0]LogConfig: Setting CVar [[gc.BlueprintClusteringEnabled:0]]
[2023.05.04-15.16.16:364][  0]LogConfig: Setting CVar [[gc.UseDisregardForGCOnDedicatedServers:0]]
[2023.05.04-15.16.16:364][  0]LogConfig: Setting CVar [[gc.MultithreadedDestructionEnabled:1]]
[2023.05.04-15.16.16:364][  0]LogConfig: Applying CVar settings from Section [/Script/Engine.NetworkSettings] File [C:/Users/nerdb/OneDrive/Documents/Body/Body/Saved/Config/Windows/Engine.ini]
[2023.05.04-15.16.16:364][  0]LogConfig: Applying CVar settings from Section [/Script/UnrealEd.CookerSettings] File [C:/Users/nerdb/OneDrive/Documents/Body/Body/Saved/Config/Windows/Engine.ini]
[2023.05.04-15.16.16:372][  0]LogConfig: Applying CVar settings from Section [ViewDistanceQuality@3] File [C:/Users/nerdb/OneDrive/Documents/Body/Body/Saved/Config/Windows/Scalability.ini]
[2023.05.04-15.16.16:372][  0]LogConfig: Setting CVar [[r.SkeletalMeshLODBias:0]]
[2023.05.04-15.16.16:372][  0]LogConfig: Setting CVar [[r.ViewDistanceScale:1.0]]
[2023.05.04-15.16.16:372][  0]LogConfig: Applying CVar settings from Section [AntiAliasingQuality@3] File [C:/Users/nerdb/OneDrive/Documents/Body/Body/Saved/Config/Windows/Scalability.ini]
[2023.05.04-15.16.16:372][  0]LogConfig: Setting CVar [[r.PostProcessAAQuality:4]]
[2023.05.04-15.16.16:372][  0]LogConfig: Applying CVar settings from Section [ShadowQuality@3] File [C:/Users/nerdb/OneDrive/Documents/Body/Body/Saved/Config/Windows/Scalability.ini]
[2023.05.04-15.16.16:372][  0]LogConfig: Setting CVar [[r.LightFunctionQuality:1]]
[2023.05.04-15.16.16:372][  0]LogConfig: Setting CVar [[r.ShadowQuality:5]]
[2023.05.04-15.16.16:372][  0]LogConfig: Setting CVar [[r.Shadow.CSM.MaxCascades:10]]
[2023.05.04-15.16.16:372][  0]LogConfig: Setting CVar [[r.Shadow.MaxResolution:2048]]
[2023.05.04-15.16.16:372][  0]LogConfig: Setting CVar [[r.Shadow.MaxCSMResolution:2048]]
[2023.05.04-15.16.16:372][  0]LogConfig: Setting CVar [[r.Shadow.RadiusThreshold:0.01]]
[2023.05.04-15.16.16:372][  0]LogConfig: Setting CVar [[r.Shadow.DistanceScale:1.0]]
[2023.05.04-15.16.16:372][  0]LogConfig: Setting CVar [[r.Shadow.CSM.TransitionScale:1.0]]
[2023.05.04-15.16.16:372][  0]LogConfig: Setting CVar [[r.Shadow.PreShadowResolutionFactor:1.0]]
[2023.05.04-15.16.16:372][  0]LogConfig: Setting CVar [[r.DistanceFieldShadowing:1]]
[2023.05.04-15.16.16:372][  0]LogConfig: Setting CVar [[r.DistanceFieldAO:1]]
[2023.05.04-15.16.16:372][  0]LogConfig: Setting CVar [[r.AOQuality:2]]
[2023.05.04-15.16.16:372][  0]LogConfig: Setting CVar [[r.VolumetricFog:1]]
[2023.05.04-15.16.16:372][  0]LogConfig: Setting CVar [[r.VolumetricFog.GridPixelSize:8]]
[2023.05.04-15.16.16:372][  0]LogConfig: Setting CVar [[r.VolumetricFog.GridSizeZ:128]]
[2023.05.04-15.16.16:372][  0]LogConfig: Setting CVar [[r.VolumetricFog.HistoryMissSupersampleCount:4]]
[2023.05.04-15.16.16:372][  0]LogConfig: Setting CVar [[r.LightMaxDrawDistanceScale:1]]
[2023.05.04-15.16.16:372][  0]LogConfig: Setting CVar [[r.CapsuleShadows:1]]
[2023.05.04-15.16.16:372][  0]LogConfig: Applying CVar settings from Section [PostProcessQuality@3] File [C:/Users/nerdb/OneDrive/Documents/Body/Body/Saved/Config/Windows/Scalability.ini]
[2023.05.04-15.16.16:372][  0]LogConfig: Setting CVar [[r.MotionBlurQuality:4]]
[2023.05.04-15.16.16:372][  0]LogConfig: Setting CVar [[r.AmbientOcclusionMipLevelFactor:0.4]]
[2023.05.04-15.16.16:372][  0]LogConfig: Setting CVar [[r.AmbientOcclusionMaxQuality:100]]
[2023.05.04-15.16.16:372][  0]LogConfig: Setting CVar [[r.AmbientOcclusionLevels:-1]]
[2023.05.04-15.16.16:372][  0]LogConfig: Setting CVar [[r.AmbientOcclusionRadiusScale:1.0]]
[2023.05.04-15.16.16:372][  0]LogConfig: Setting CVar [[r.DepthOfFieldQuality:2]]
[2023.05.04-15.16.16:372][  0]LogConfig: Setting CVar [[r.RenderTargetPoolMin:400]]
[2023.05.04-15.16.16:372][  0]LogConfig: Setting CVar [[r.LensFlareQuality:2]]
[2023.05.04-15.16.16:372][  0]LogConfig: Setting CVar [[r.SceneColorFringeQuality:1]]
[2023.05.04-15.16.16:372][  0]LogConfig: Setting CVar [[r.EyeAdaptationQuality:2]]
[2023.05.04-15.16.16:372][  0]LogConfig: Setting CVar [[r.BloomQuality:5]]
[2023.05.04-15.16.16:372][  0]LogConfig: Setting CVar [[r.FastBlurThreshold:100]]
[2023.05.04-15.16.16:372][  0]LogConfig: Setting CVar [[r.Upscale.Quality:3]]
[2023.05.04-15.16.16:372][  0]LogConfig: Setting CVar [[r.Tonemapper.GrainQuantization:1]]
[2023.05.04-15.16.16:372][  0]LogConfig: Setting CVar [[r.LightShaftQuality:1]]
[2023.05.04-15.16.16:372][  0]LogConfig: Setting CVar [[r.Filter.SizeScale:1]]
[2023.05.04-15.16.16:372][  0]LogConfig: Setting CVar [[r.Tonemapper.Quality:5]]
[2023.05.04-15.16.16:372][  0]LogConfig: Setting CVar [[r.DOF.Gather.AccumulatorQuality:1        ; higher gathering accumulator quality]]
[2023.05.04-15.16.16:372][  0]LogConfig: Setting CVar [[r.DOF.Gather.PostfilterMethod:1          ; Median3x3 postfilering method]]
[2023.05.04-15.16.16:372][  0]LogConfig: Setting CVar [[r.DOF.Gather.EnableBokehSettings:0       ; no bokeh simulation when gathering]]
[2023.05.04-15.16.16:372][  0]LogConfig: Setting CVar [[r.DOF.Gather.RingCount:4                 ; medium number of samples when gathering]]
[2023.05.04-15.16.16:372][  0]LogConfig: Setting CVar [[r.DOF.Scatter.ForegroundCompositing:1    ; additive foreground scattering]]
[2023.05.04-15.16.16:372][  0]LogConfig: Setting CVar [[r.DOF.Scatter.BackgroundCompositing:2    ; additive background scattering]]
[2023.05.04-15.16.16:372][  0]LogConfig: Setting CVar [[r.DOF.Scatter.EnableBokehSettings:1      ; bokeh simulation when scattering]]
[2023.05.04-15.16.16:372][  0]LogConfig: Setting CVar [[r.DOF.Scatter.MaxSpriteRatio:0.1         ; only a maximum of 10% of scattered bokeh]]
[2023.05.04-15.16.16:372][  0]LogConfig: Setting CVar [[r.DOF.Recombine.Quality:1                ; cheap slight out of focus]]
[2023.05.04-15.16.16:372][  0]LogConfig: Setting CVar [[r.DOF.Recombine.EnableBokehSettings:0    ; no bokeh simulation on slight out of focus]]
[2023.05.04-15.16.16:372][  0]LogConfig: Setting CVar [[r.DOF.TemporalAAQuality:1                ; more stable temporal accumulation]]
[2023.05.04-15.16.16:372][  0]LogConfig: Setting CVar [[r.DOF.Kernel.MaxForegroundRadius:0.025]]
[2023.05.04-15.16.16:372][  0]LogConfig: Setting CVar [[r.DOF.Kernel.MaxBackgroundRadius:0.025]]
[2023.05.04-15.16.16:372][  0]LogConfig: Applying CVar settings from Section [TextureQuality@3] File [C:/Users/nerdb/OneDrive/Documents/Body/Body/Saved/Config/Windows/Scalability.ini]
[2023.05.04-15.16.16:372][  0]LogConfig: Setting CVar [[r.Streaming.MipBias:0]]
[2023.05.04-15.16.16:373][  0]LogConfig: Setting CVar [[r.Streaming.AmortizeCPUToGPUCopy:0]]
[2023.05.04-15.16.16:373][  0]LogConfig: Setting CVar [[r.Streaming.MaxNumTexturesToStreamPerFrame:0]]
[2023.05.04-15.16.16:373][  0]LogConfig: Setting CVar [[r.Streaming.Boost:1]]
[2023.05.04-15.16.16:373][  0]LogConfig: Setting CVar [[r.MaxAnisotropy:8]]
[2023.05.04-15.16.16:373][  0]LogConfig: Setting CVar [[r.VT.MaxAnisotropy:8]]
[2023.05.04-15.16.16:373][  0]LogConfig: Setting CVar [[r.Streaming.LimitPoolSizeToVRAM:0]]
[2023.05.04-15.16.16:373][  0]LogConfig: Setting CVar [[r.Streaming.PoolSize:1000]]
[2023.05.04-15.16.16:373][  0]LogConfig: Setting CVar [[r.Streaming.MaxEffectiveScreenSize:0]]
[2023.05.04-15.16.16:373][  0]LogConfig: Applying CVar settings from Section [EffectsQuality@3] File [C:/Users/nerdb/OneDrive/Documents/Body/Body/Saved/Config/Windows/Scalability.ini]
[2023.05.04-15.16.16:373][  0]LogConfig: Setting CVar [[r.TranslucencyLightingVolumeDim:64]]
[2023.05.04-15.16.16:373][  0]LogConfig: Setting CVar [[r.RefractionQuality:2]]
[2023.05.04-15.16.16:373][  0]LogConfig: Setting CVar [[r.SSR.Quality:3]]
[2023.05.04-15.16.16:373][  0]LogConfig: Setting CVar [[r.SSR.HalfResSceneColor:0]]
[2023.05.04-15.16.16:373][  0]LogConfig: Setting CVar [[r.SceneColorFormat:4]]
[2023.05.04-15.16.16:373][  0]LogConfig: Setting CVar [[r.DetailMode:2]]
[2023.05.04-15.16.16:373][  0]LogConfig: Setting CVar [[r.TranslucencyVolumeBlur:1]]
[2023.05.04-15.16.16:373][  0]LogConfig: Setting CVar [[r.MaterialQualityLevel:1 ; High quality]]
[2023.05.04-15.16.16:373][  0]LogConfig: Setting CVar [[r.AnisotropicMaterials:1]]
[2023.05.04-15.16.16:373][  0]LogConfig: Setting CVar [[r.SSS.Scale:1]]
[2023.05.04-15.16.16:373][  0]LogConfig: Setting CVar [[r.SSS.SampleSet:2]]
[2023.05.04-15.16.16:373][  0]LogConfig: Setting CVar [[r.SSS.Quality:1]]
[2023.05.04-15.16.16:373][  0]LogConfig: Setting CVar [[r.SSS.HalfRes:0]]
[2023.05.04-15.16.16:373][  0]LogConfig: Setting CVar [[r.SSGI.Quality:3]]
[2023.05.04-15.16.16:373][  0]LogConfig: Setting CVar [[r.EmitterSpawnRateScale:1.0]]
[2023.05.04-15.16.16:373][  0]LogConfig: Setting CVar [[r.ParticleLightQuality:2]]
[2023.05.04-15.16.16:373][  0]LogConfig: Setting CVar [[r.SkyAtmosphere.AerialPerspectiveLUT.FastApplyOnOpaque:1 ; Always have FastSkyLUT 1 in this case to avoid wrong sky]]
[2023.05.04-15.16.16:373][  0]LogConfig: Setting CVar [[r.SkyAtmosphere.AerialPerspectiveLUT.SampleCountMaxPerSlice:4]]
[2023.05.04-15.16.16:373][  0]LogConfig: Setting CVar [[r.SkyAtmosphere.AerialPerspectiveLUT.DepthResolution:16.0]]
[2023.05.04-15.16.16:373][  0]LogConfig: Setting CVar [[r.SkyAtmosphere.FastSkyLUT:1]]
[2023.05.04-15.16.16:373][  0]LogConfig: Setting CVar [[r.SkyAtmosphere.FastSkyLUT.SampleCountMin:4.0]]
[2023.05.04-15.16.16:373][  0]LogConfig: Setting CVar [[r.SkyAtmosphere.FastSkyLUT.SampleCountMax:128.0]]
[2023.05.04-15.16.16:373][  0]LogConfig: Setting CVar [[r.SkyAtmosphere.SampleCountMin:4.0]]
[2023.05.04-15.16.16:373][  0]LogConfig: Setting CVar [[r.SkyAtmosphere.SampleCountMax:128.0]]
[2023.05.04-15.16.16:373][  0]LogConfig: Setting CVar [[r.SkyAtmosphere.TransmittanceLUT.UseSmallFormat:0]]
[2023.05.04-15.16.16:373][  0]LogConfig: Setting CVar [[r.SkyAtmosphere.TransmittanceLUT.SampleCount:10.0]]
[2023.05.04-15.16.16:373][  0]LogConfig: Setting CVar [[r.SkyAtmosphere.MultiScatteringLUT.SampleCount:15.0]]
[2023.05.04-15.16.16:373][  0]LogConfig: Setting CVar [[r.SkyLight.RealTimeReflectionCapture:1]]
[2023.05.04-15.16.16:373][  0]LogConfig: Applying CVar settings from Section [FoliageQuality@3] File [C:/Users/nerdb/OneDrive/Documents/Body/Body/Saved/Config/Windows/Scalability.ini]
[2023.05.04-15.16.16:373][  0]LogConfig: Setting CVar [[foliage.DensityScale:1.0]]
[2023.05.04-15.16.16:373][  0]LogConfig: Setting CVar [[grass.DensityScale:1.0]]
[2023.05.04-15.16.16:373][  0]LogConfig: Applying CVar settings from Section [ShadingQuality@3] File [C:/Users/nerdb/OneDrive/Documents/Body/Body/Saved/Config/Windows/Scalability.ini]
[2023.05.04-15.16.16:373][  0]LogConfig: Setting CVar [[r.HairStrands.SkyLighting.IntegrationType:2]]
[2023.05.04-15.16.16:373][  0]LogConfig: Setting CVar [[r.HairStrands.SkyAO.SampleCount:4]]
[2023.05.04-15.16.16:373][  0]LogConfig: Setting CVar [[r.HairStrands.Visibility.MSAA.SamplePerPixel:4]]
[2023.05.04-15.16.16:373][  0]LogInit: Selected Device Profile: [Windows]
[2023.05.04-15.16.16:373][  0]LogInit: Applying CVar settings loaded from the selected device profile: [Windows]
[2023.05.04-15.16.16:373][  0]LogHAL: Display: Platform has ~ 16 GB [16890978304 / 17179869184 / 16], which maps to Larger [LargestMinGB=32, LargerMinGB=12, DefaultMinGB=8, SmallerMinGB=6, SmallestMinGB=0)
[2023.05.04-15.16.16:373][  0]LogInit: Going up to parent DeviceProfile []
[2023.05.04-15.16.16:373][  0]LogConfig: Applying CVar settings from Section [ViewDistanceQuality@3] File [C:/Users/nerdb/OneDrive/Documents/Body/Body/Saved/Config/Windows/Scalability.ini]
[2023.05.04-15.16.16:373][  0]LogConfig: Setting CVar [[r.SkeletalMeshLODBias:0]]
[2023.05.04-15.16.16:373][  0]LogConfig: Setting CVar [[r.ViewDistanceScale:1.0]]
[2023.05.04-15.16.16:373][  0]LogConfig: Applying CVar settings from Section [AntiAliasingQuality@3] File [C:/Users/nerdb/OneDrive/Documents/Body/Body/Saved/Config/Windows/Scalability.ini]
[2023.05.04-15.16.16:373][  0]LogConfig: Setting CVar [[r.PostProcessAAQuality:4]]
[2023.05.04-15.16.16:373][  0]LogConfig: Applying CVar settings from Section [ShadowQuality@3] File [C:/Users/nerdb/OneDrive/Documents/Body/Body/Saved/Config/Windows/Scalability.ini]
[2023.05.04-15.16.16:373][  0]LogConfig: Setting CVar [[r.LightFunctionQuality:1]]
[2023.05.04-15.16.16:373][  0]LogConfig: Setting CVar [[r.ShadowQuality:5]]
[2023.05.04-15.16.16:373][  0]LogConfig: Setting CVar [[r.Shadow.CSM.MaxCascades:10]]
[2023.05.04-15.16.16:373][  0]LogConfig: Setting CVar [[r.Shadow.MaxResolution:2048]]
[2023.05.04-15.16.16:373][  0]LogConfig: Setting CVar [[r.Shadow.MaxCSMResolution:2048]]
[2023.05.04-15.16.16:373][  0]LogConfig: Setting CVar [[r.Shadow.RadiusThreshold:0.01]]
[2023.05.04-15.16.16:373][  0]LogConfig: Setting CVar [[r.Shadow.DistanceScale:1.0]]
[2023.05.04-15.16.16:373][  0]LogConfig: Setting CVar [[r.Shadow.CSM.TransitionScale:1.0]]
[2023.05.04-15.16.16:373][  0]LogConfig: Setting CVar [[r.Shadow.PreShadowResolutionFactor:1.0]]
[2023.05.04-15.16.16:373][  0]LogConfig: Setting CVar [[r.DistanceFieldShadowing:1]]
[2023.05.04-15.16.16:373][  0]LogConfig: Setting CVar [[r.DistanceFieldAO:1]]
[2023.05.04-15.16.16:373][  0]LogConfig: Setting CVar [[r.AOQuality:2]]
[2023.05.04-15.16.16:373][  0]LogConfig: Setting CVar [[r.VolumetricFog:1]]
[2023.05.04-15.16.16:373][  0]LogConfig: Setting CVar [[r.VolumetricFog.GridPixelSize:8]]
[2023.05.04-15.16.16:373][  0]LogConfig: Setting CVar [[r.VolumetricFog.GridSizeZ:128]]
[2023.05.04-15.16.16:373][  0]LogConfig: Setting CVar [[r.VolumetricFog.HistoryMissSupersampleCount:4]]
[2023.05.04-15.16.16:373][  0]LogConfig: Setting CVar [[r.LightMaxDrawDistanceScale:1]]
[2023.05.04-15.16.16:373][  0]LogConfig: Setting CVar [[r.CapsuleShadows:1]]
[2023.05.04-15.16.16:373][  0]LogConfig: Applying CVar settings from Section [PostProcessQuality@3] File [C:/Users/nerdb/OneDrive/Documents/Body/Body/Saved/Config/Windows/Scalability.ini]
[2023.05.04-15.16.16:373][  0]LogConfig: Setting CVar [[r.MotionBlurQuality:4]]
[2023.05.04-15.16.16:373][  0]LogConfig: Setting CVar [[r.AmbientOcclusionMipLevelFactor:0.4]]
[2023.05.04-15.16.16:373][  0]LogConfig: Setting CVar [[r.AmbientOcclusionMaxQuality:100]]
[2023.05.04-15.16.16:373][  0]LogConfig: Setting CVar [[r.AmbientOcclusionLevels:-1]]
[2023.05.04-15.16.16:373][  0]LogConfig: Setting CVar [[r.AmbientOcclusionRadiusScale:1.0]]
[2023.05.04-15.16.16:373][  0]LogConfig: Setting CVar [[r.DepthOfFieldQuality:2]]
[2023.05.04-15.16.16:373][  0]LogConfig: Setting CVar [[r.RenderTargetPoolMin:400]]
[2023.05.04-15.16.16:373][  0]LogConfig: Setting CVar [[r.LensFlareQuality:2]]
[2023.05.04-15.16.16:373][  0]LogConfig: Setting CVar [[r.SceneColorFringeQuality:1]]
[2023.05.04-15.16.16:373][  0]LogConfig: Setting CVar [[r.EyeAdaptationQuality:2]]
[2023.05.04-15.16.16:373][  0]LogConfig: Setting CVar [[r.BloomQuality:5]]
[2023.05.04-15.16.16:373][  0]LogConfig: Setting CVar [[r.FastBlurThreshold:100]]
[2023.05.04-15.16.16:373][  0]LogConfig: Setting CVar [[r.Upscale.Quality:3]]
[2023.05.04-15.16.16:373][  0]LogConfig: Setting CVar [[r.Tonemapper.GrainQuantization:1]]
[2023.05.04-15.16.16:373][  0]LogConfig: Setting CVar [[r.LightShaftQuality:1]]
[2023.05.04-15.16.16:373][  0]LogConfig: Setting CVar [[r.Filter.SizeScale:1]]
[2023.05.04-15.16.16:373][  0]LogConfig: Setting CVar [[r.Tonemapper.Quality:5]]
[2023.05.04-15.16.16:373][  0]LogConfig: Setting CVar [[r.DOF.Gather.AccumulatorQuality:1        ; higher gathering accumulator quality]]
[2023.05.04-15.16.16:373][  0]LogConfig: Setting CVar [[r.DOF.Gather.PostfilterMethod:1          ; Median3x3 postfilering method]]
[2023.05.04-15.16.16:373][  0]LogConfig: Setting CVar [[r.DOF.Gather.EnableBokehSettings:0       ; no bokeh simulation when gathering]]
[2023.05.04-15.16.16:373][  0]LogConfig: Setting CVar [[r.DOF.Gather.RingCount:4                 ; medium number of samples when gathering]]
[2023.05.04-15.16.16:373][  0]LogConfig: Setting CVar [[r.DOF.Scatter.ForegroundCompositing:1    ; additive foreground scattering]]
[2023.05.04-15.16.16:373][  0]LogConfig: Setting CVar [[r.DOF.Scatter.BackgroundCompositing:2    ; additive background scattering]]
[2023.05.04-15.16.16:373][  0]LogConfig: Setting CVar [[r.DOF.Scatter.EnableBokehSettings:1      ; bokeh simulation when scattering]]
[2023.05.04-15.16.16:373][  0]LogConfig: Setting CVar [[r.DOF.Scatter.MaxSpriteRatio:0.1         ; only a maximum of 10% of scattered bokeh]]
[2023.05.04-15.16.16:373][  0]LogConfig: Setting CVar [[r.DOF.Recombine.Quality:1                ; cheap slight out of focus]]
[2023.05.04-15.16.16:373][  0]LogConfig: Setting CVar [[r.DOF.Recombine.EnableBokehSettings:0    ; no bokeh simulation on slight out of focus]]
[2023.05.04-15.16.16:373][  0]LogConfig: Setting CVar [[r.DOF.TemporalAAQuality:1                ; more stable temporal accumulation]]
[2023.05.04-15.16.16:373][  0]LogConfig: Setting CVar [[r.DOF.Kernel.MaxForegroundRadius:0.025]]
[2023.05.04-15.16.16:373][  0]LogConfig: Setting CVar [[r.DOF.Kernel.MaxBackgroundRadius:0.025]]
[2023.05.04-15.16.16:373][  0]LogConfig: Applying CVar settings from Section [TextureQuality@3] File [C:/Users/nerdb/OneDrive/Documents/Body/Body/Saved/Config/Windows/Scalability.ini]
[2023.05.04-15.16.16:373][  0]LogConfig: Setting CVar [[r.Streaming.MipBias:0]]
[2023.05.04-15.16.16:373][  0]LogConfig: Setting CVar [[r.Streaming.AmortizeCPUToGPUCopy:0]]
[2023.05.04-15.16.16:373][  0]LogConfig: Setting CVar [[r.Streaming.MaxNumTexturesToStreamPerFrame:0]]
[2023.05.04-15.16.16:373][  0]LogConfig: Setting CVar [[r.Streaming.Boost:1]]
[2023.05.04-15.16.16:373][  0]LogConfig: Setting CVar [[r.MaxAnisotropy:8]]
[2023.05.04-15.16.16:373][  0]LogConfig: Setting CVar [[r.VT.MaxAnisotropy:8]]
[2023.05.04-15.16.16:373][  0]LogConfig: Setting CVar [[r.Streaming.LimitPoolSizeToVRAM:0]]
[2023.05.04-15.16.16:373][  0]LogConfig: Setting CVar [[r.Streaming.PoolSize:1000]]
[2023.05.04-15.16.16:373][  0]LogConfig: Setting CVar [[r.Streaming.MaxEffectiveScreenSize:0]]
[2023.05.04-15.16.16:373][  0]LogConfig: Applying CVar settings from Section [EffectsQuality@3] File [C:/Users/nerdb/OneDrive/Documents/Body/Body/Saved/Config/Windows/Scalability.ini]
[2023.05.04-15.16.16:373][  0]LogConfig: Setting CVar [[r.TranslucencyLightingVolumeDim:64]]
[2023.05.04-15.16.16:373][  0]LogConfig: Setting CVar [[r.RefractionQuality:2]]
[2023.05.04-15.16.16:373][  0]LogConfig: Setting CVar [[r.SSR.Quality:3]]
[2023.05.04-15.16.16:373][  0]LogConfig: Setting CVar [[r.SSR.HalfResSceneColor:0]]
[2023.05.04-15.16.16:373][  0]LogConfig: Setting CVar [[r.SceneColorFormat:4]]
[2023.05.04-15.16.16:373][  0]LogConfig: Setting CVar [[r.DetailMode:2]]
[2023.05.04-15.16.16:373][  0]LogConfig: Setting CVar [[r.TranslucencyVolumeBlur:1]]
[2023.05.04-15.16.16:373][  0]LogConfig: Setting CVar [[r.MaterialQualityLevel:1 ; High quality]]
[2023.05.04-15.16.16:373][  0]LogConfig: Setting CVar [[r.AnisotropicMaterials:1]]
[2023.05.04-15.16.16:373][  0]LogConfig: Setting CVar [[r.SSS.Scale:1]]
[2023.05.04-15.16.16:373][  0]LogConfig: Setting CVar [[r.SSS.SampleSet:2]]
[2023.05.04-15.16.16:373][  0]LogConfig: Setting CVar [[r.SSS.Quality:1]]
[2023.05.04-15.16.16:373][  0]LogConfig: Setting CVar [[r.SSS.HalfRes:0]]
[2023.05.04-15.16.16:373][  0]LogConfig: Setting CVar [[r.SSGI.Quality:3]]
[2023.05.04-15.16.16:373][  0]LogConfig: Setting CVar [[r.EmitterSpawnRateScale:1.0]]
[2023.05.04-15.16.16:373][  0]LogConfig: Setting CVar [[r.ParticleLightQuality:2]]
[2023.05.04-15.16.16:373][  0]LogConfig: Setting CVar [[r.SkyAtmosphere.AerialPerspectiveLUT.FastApplyOnOpaque:1 ; Always have FastSkyLUT 1 in this case to avoid wrong sky]]
[2023.05.04-15.16.16:373][  0]LogConfig: Setting CVar [[r.SkyAtmosphere.AerialPerspectiveLUT.SampleCountMaxPerSlice:4]]
[2023.05.04-15.16.16:373][  0]LogConfig: Setting CVar [[r.SkyAtmosphere.AerialPerspectiveLUT.DepthResolution:16.0]]
[2023.05.04-15.16.16:373][  0]LogConfig: Setting CVar [[r.SkyAtmosphere.FastSkyLUT:1]]
[2023.05.04-15.16.16:373][  0]LogConfig: Setting CVar [[r.SkyAtmosphere.FastSkyLUT.SampleCountMin:4.0]]
[2023.05.04-15.16.16:373][  0]LogConfig: Setting CVar [[r.SkyAtmosphere.FastSkyLUT.SampleCountMax:128.0]]
[2023.05.04-15.16.16:373][  0]LogConfig: Setting CVar [[r.SkyAtmosphere.SampleCountMin:4.0]]
[2023.05.04-15.16.16:373][  0]LogConfig: Setting CVar [[r.SkyAtmosphere.SampleCountMax:128.0]]
[2023.05.04-15.16.16:373][  0]LogConfig: Setting CVar [[r.SkyAtmosphere.TransmittanceLUT.UseSmallFormat:0]]
[2023.05.04-15.16.16:373][  0]LogConfig: Setting CVar [[r.SkyAtmosphere.TransmittanceLUT.SampleCount:10.0]]
[2023.05.04-15.16.16:373][  0]LogConfig: Setting CVar [[r.SkyAtmosphere.MultiScatteringLUT.SampleCount:15.0]]
[2023.05.04-15.16.16:373][  0]LogConfig: Setting CVar [[r.SkyLight.RealTimeReflectionCapture:1]]
[2023.05.04-15.16.16:373][  0]LogConfig: Applying CVar settings from Section [FoliageQuality@3] File [C:/Users/nerdb/OneDrive/Documents/Body/Body/Saved/Config/Windows/Scalability.ini]
[2023.05.04-15.16.16:373][  0]LogConfig: Setting CVar [[foliage.DensityScale:1.0]]
[2023.05.04-15.16.16:373][  0]LogConfig: Setting CVar [[grass.DensityScale:1.0]]
[2023.05.04-15.16.16:373][  0]LogConfig: Applying CVar settings from Section [ShadingQuality@3] File [C:/Users/nerdb/OneDrive/Documents/Body/Body/Saved/Config/Windows/Scalability.ini]
[2023.05.04-15.16.16:373][  0]LogConfig: Setting CVar [[r.HairStrands.SkyLighting.IntegrationType:2]]
[2023.05.04-15.16.16:373][  0]LogConfig: Setting CVar [[r.HairStrands.SkyAO.SampleCount:4]]
[2023.05.04-15.16.16:373][  0]LogConfig: Setting CVar [[r.HairStrands.Visibility.MSAA.SamplePerPixel:4]]
[2023.05.04-15.16.16:373][  0]LogConfig: Applying CVar settings from Section [Startup] File [../../../Engine/Config/ConsoleVariables.ini]
[2023.05.04-15.16.16:384][  0]LogConfig: Setting CVar [[net.UseAdaptiveNetUpdateFrequency:0]]
[2023.05.04-15.16.16:384][  0]LogConfig: Setting CVar [[p.chaos.AllowCreatePhysxBodies:1]]
[2023.05.04-15.16.16:384][  0]LogConfig: Setting CVar [[fx.SkipVectorVMBackendOptimizations:1]]
[2023.05.04-15.16.16:384][  0]LogConfig: Applying CVar settings from Section [ConsoleVariables] File [C:/Users/nerdb/OneDrive/Documents/Body/Body/Saved/Config/Windows/Engine.ini]
[2023.05.04-15.16.16:384][  0]LogConfig: Applying CVar settings from Section [ConsoleVariables] File [C:/Users/nerdb/OneDrive/Documents/Body/Body/Saved/Config/Windows/Editor.ini]
[2023.05.04-15.16.16:385][  0]LogInit: Computer: DESKTOP-TF26OEU
[2023.05.04-15.16.16:385][  0]LogInit: User: nerdb
[2023.05.04-15.16.16:385][  0]LogInit: CPU Page size=4096, Cores=12
[2023.05.04-15.16.16:385][  0]LogInit: High frequency timer resolution =10.000000 MHz
[2023.05.04-15.16.16:385][  0]LogMemory: Memory total: Physical=15.7GB (16GB approx)
[2023.05.04-15.16.16:385][  0]LogMemory: Platform Memory Stats for Windows
[2023.05.04-15.16.16:385][  0]LogMemory: Process Physical Memory: 147.88 MB used, 147.88 MB peak
[2023.05.04-15.16.16:385][  0]LogMemory: Process Virtual Memory: 131.45 MB used, 131.45 MB peak
[2023.05.04-15.16.16:385][  0]LogMemory: Physical Memory: 12508.98 MB used,  3599.51 MB free, 16108.49 MB total
[2023.05.04-15.16.16:385][  0]LogMemory: Virtual Memory: 134213368.00 MB used,  4357.24 MB free, 134217728.00 MB total
[2023.05.04-15.16.16:393][  0]LogWindows: WindowsPlatformFeatures enabled
[2023.05.04-15.16.16:472][  0]LogInit: Physics initialised using underlying interface: PhysX
[2023.05.04-15.16.16:473][  0]LogInit: Using OS detected language (en-US).
[2023.05.04-15.16.16:473][  0]LogInit: Using OS detected locale (en-GB).
[2023.05.04-15.16.16:479][  0]LogTextLocalizationManager: No specific localization for 'en-US' exists, so the 'en' localization will be used.
[2023.05.04-15.16.16:955][  0]LogWindowsTextInputMethodSystem: Display: IME system deactivated.
[2023.05.04-15.16.17:042][  0]LogSlate: New Slate User Created.  User Index 0, Is Virtual User: 0
[2023.05.04-15.16.17:042][  0]LogSlate: Slate User Registered.  User Index 0, Is Virtual User: 0
[2023.05.04-15.16.17:056][  0]LogD3D11RHI: Loaded GFSDK_Aftermath_Lib.x64.dll
[2023.05.04-15.16.17:063][  0]LogHMD: Failed to initialize OpenVR with code 110
[2023.05.04-15.16.17:063][  0]LogD3D11RHI: D3D11 min allowed feature level: 11_0
[2023.05.04-15.16.17:063][  0]LogD3D11RHI: D3D11 max allowed feature level: 11_0
[2023.05.04-15.16.17:063][  0]LogD3D11RHI: D3D11 adapters:
[2023.05.04-15.16.17:141][  0]LogD3D11RHI:    0. 'Intel(R) Iris(R) Xe Graphics' (Feature Level 11_0)
[2023.05.04-15.16.17:141][  0]LogD3D11RHI:       128/0/8054 MB DedicatedVideo/DedicatedSystem/SharedSystem, Outputs:1, VendorId:0x8086
[2023.05.04-15.16.17:146][  0]LogD3D11RHI:    1. 'Microsoft Basic Render Driver' (Feature Level 11_0)
[2023.05.04-15.16.17:146][  0]LogD3D11RHI:       0/0/8054 MB DedicatedVideo/DedicatedSystem/SharedSystem, Outputs:0, VendorId:0x1414
[2023.05.04-15.16.17:146][  0]LogD3D11RHI: Chosen D3D11 Adapter:
[2023.05.04-15.16.17:146][  0]LogD3D11RHI:     Description : Intel(R) Iris(R) Xe Graphics
[2023.05.04-15.16.17:146][  0]LogD3D11RHI:     VendorId    : 8086
[2023.05.04-15.16.17:146][  0]LogD3D11RHI:     DeviceId    : 46a6
[2023.05.04-15.16.17:146][  0]LogD3D11RHI:     SubSysId    : 3ae417aa
[2023.05.04-15.16.17:146][  0]LogD3D11RHI:     Revision    : 000c
[2023.05.04-15.16.17:146][  0]LogD3D11RHI:     DedicatedVideoMemory : 134217728 bytes
[2023.05.04-15.16.17:146][  0]LogD3D11RHI:     DedicatedSystemMemory : 0 bytes
[2023.05.04-15.16.17:146][  0]LogD3D11RHI:     SharedSystemMemory : 8445489152 bytes
[2023.05.04-15.16.17:146][  0]LogD3D11RHI:     AdapterLuid : 0 45087663
[2023.05.04-15.16.17:160][  0]LogD3D11RHI: Creating new Direct3DDevice
[2023.05.04-15.16.17:160][  0]LogD3D11RHI:     GPU DeviceId: 0x46a6 (for the marketing name, search the web for "GPU Device Id")
[2023.05.04-15.16.17:160][  0]LogWindows: EnumDisplayDevices:
[2023.05.04-15.16.17:160][  0]LogWindows:    0. 'Intel(R) Iris(R) Xe Graphics' (P:1 D:1)
[2023.05.04-15.16.17:161][  0]LogWindows:    1. 'Intel(R) Iris(R) Xe Graphics' (P:0 D:0)
[2023.05.04-15.16.17:161][  0]LogWindows:    2. 'Intel(R) Iris(R) Xe Graphics' (P:0 D:0)
[2023.05.04-15.16.17:161][  0]LogWindows:    3. 'Intel(R) Iris(R) Xe Graphics' (P:0 D:0)
[2023.05.04-15.16.17:161][  0]LogWindows: DebugString: FoundDriverCount:4 
[2023.05.04-15.16.17:161][  0]LogD3D11RHI:     Adapter Name: Intel(R) Iris(R) Xe Graphics
[2023.05.04-15.16.17:161][  0]LogD3D11RHI:   Driver Version: 31.0.101.3889 (internal:31.0.101.3889, unified:31.0.101.3889)
[2023.05.04-15.16.17:161][  0]LogD3D11RHI:      Driver Date: 12-20-2022
[2023.05.04-15.16.17:161][  0]LogRHI: Texture pool is 1523 MB (70% of 2176 MB)
[2023.05.04-15.16.17:197][  0]LogD3D11RHI: Creating D3DDevice using adapter:
[2023.05.04-15.16.17:197][  0]LogD3D11RHI:     Description : Intel(R) Iris(R) Xe Graphics
[2023.05.04-15.16.17:197][  0]LogD3D11RHI:     VendorId    : 8086
[2023.05.04-15.16.17:197][  0]LogD3D11RHI:     DeviceId    : 46a6
[2023.05.04-15.16.17:197][  0]LogD3D11RHI:     SubSysId    : 3ae417aa
[2023.05.04-15.16.17:197][  0]LogD3D11RHI:     Revision    : 000c
[2023.05.04-15.16.17:197][  0]LogD3D11RHI:     DedicatedVideoMemory : 134217728 bytes
[2023.05.04-15.16.17:197][  0]LogD3D11RHI:     DedicatedSystemMemory : 0 bytes
[2023.05.04-15.16.17:197][  0]LogD3D11RHI:     SharedSystemMemory : 8445489152 bytes
[2023.05.04-15.16.17:197][  0]LogD3D11RHI:     AdapterLuid : 0 45087663
[2023.05.04-15.16.17:237][  0]LogD3D11RHI: RHI does not have support for 64 bit atomics
[2023.05.04-15.16.17:257][  0]LogD3D11RHI: Intel Extensions support version Full=16777216, Major=1, Minor=0, Revision=0
[2023.05.04-15.16.17:257][  0]LogD3D11RHI: Intel Extensions support version Full=16777217, Major=1, Minor=0, Revision=1
[2023.05.04-15.16.17:257][  0]LogD3D11RHI: Intel Extensions Framework enabled
[2023.05.04-15.16.17:259][  0]LogD3D11RHI: [IntelMetricsDiscovery] Started
[2023.05.04-15.16.17:259][  0]LogD3D11RHI: Async texture creation enabled
[2023.05.04-15.16.17:259][  0]LogD3D11RHI: Array index from any shader is supported
[2023.05.04-15.16.17:278][  0]LogD3D11RHI: GPU Timing Frequency: 19.200000 (Debug: 2 0)
[2023.05.04-15.16.17:768][  0]LogTargetPlatformManager: Display: Loaded TargetPlatform 'WindowsNoEditor'
[2023.05.04-15.16.17:776][  0]LogTargetPlatformManager: Display: Loaded TargetPlatform 'Windows'
[2023.05.04-15.16.17:782][  0]LogTargetPlatformManager: Display: Loaded TargetPlatform 'WindowsClient'
[2023.05.04-15.16.17:790][  0]LogTargetPlatformManager: Display: Loaded TargetPlatform 'WindowsServer'
[2023.05.04-15.16.17:790][  0]LogTargetPlatformManager: Display: Building Assets For Windows
[2023.05.04-15.16.17:806][  0]LogAudioDebug: Display: Lib vorbis DLL was dynamically loaded.
[2023.05.04-15.16.17:915][  0]LogTextureFormatOodle: Display: Oodle Texture 2.9.0 init RDO Off
[2023.05.04-15.16.18:002][  0]LogRendererCore: Ray tracing is disabled. Reason: r.RayTracing=0.
[2023.05.04-15.16.18:002][  0]LogShaderCompilers: Guid format shader working directory is -13 characters bigger than the processId version (../../../../../../Users/nerdb/OneDrive/Documents/Body/Body/Intermediate/Shaders/WorkingDirectory/28160/).
[2023.05.04-15.16.18:002][  0]LogShaderCompilers: Cleaned the shader compiler working directory 'C:/Users/nerdb/AppData/Local/Temp/UnrealShaderWorkingDir/07FEEB764CED13FEA4257C91E5D0B05D/'.
[2023.05.04-15.16.18:002][  0]LogXGEController: Cannot use XGE Controller as Incredibuild is not installed on this machine.
[2023.05.04-15.16.18:002][  0]LogShaderCompilers: Cannot use XGE Shader Compiler as Incredibuild is not installed on this machine.
[2023.05.04-15.16.18:002][  0]LogShaderCompilers: Display: Using Local Shader Compiler.
[2023.05.04-15.16.24:241][  0]LogDerivedDataCache: Display: Max Cache Size: 512 MB
[2023.05.04-15.16.24:381][  0]LogDerivedDataCache: Loaded boot cache 0.14s 94MB C:/Users/nerdb/AppData/Local/UnrealEngine/4.27/DerivedDataCache/Boot.ddc.
[2023.05.04-15.16.24:381][  0]LogDerivedDataCache: Display: Loaded Boot cache: C:/Users/nerdb/AppData/Local/UnrealEngine/4.27/DerivedDataCache/Boot.ddc
[2023.05.04-15.16.24:381][  0]LogDerivedDataCache: FDerivedDataBackendGraph:  Pak pak cache file ../../../../../../Users/nerdb/OneDrive/Documents/Body/Body/DerivedDataCache/DDC.ddp not found, will not use a pak cache.
[2023.05.04-15.16.24:381][  0]LogDerivedDataCache: Unable to find inner node Pak for hierarchical cache Hierarchy.
[2023.05.04-15.16.24:381][  0]LogDerivedDataCache: FDerivedDataBackendGraph:  CompressedPak pak cache file ../../../../../../Users/nerdb/OneDrive/Documents/Body/Body/DerivedDataCache/Compressed.ddp not found, will not use a pak cache.
[2023.05.04-15.16.24:381][  0]LogDerivedDataCache: Unable to find inner node CompressedPak for hierarchical cache Hierarchy.
[2023.05.04-15.16.24:417][  0]LogDerivedDataCache: Display: Pak cache opened for reading ../../../Engine/DerivedDataCache/Compressed.ddp.
[2023.05.04-15.16.24:418][  0]LogDerivedDataCache: FDerivedDataBackendGraph:  EnterprisePak pak cache file ../../../Enterprise/DerivedDataCache/Compressed.ddp not found, will not use a pak cache.
[2023.05.04-15.16.24:418][  0]LogDerivedDataCache: Unable to find inner node EnterprisePak for hierarchical cache Hierarchy.
[2023.05.04-15.16.24:515][  0]LogDerivedDataCache: Speed tests for C:/Users/nerdb/AppData/Local/UnrealEngine/Common/DerivedDataCache took 0.10 seconds
[2023.05.04-15.16.24:516][  0]LogDerivedDataCache: Display: Performance to C:/Users/nerdb/AppData/Local/UnrealEngine/Common/DerivedDataCache: Latency=0.08ms. RandomReadSpeed=10.55MBs, RandomWriteSpeed=113.18MBs. Assigned SpeedClass 'Local'
[2023.05.04-15.16.24:520][  0]LogDerivedDataCache: Using Local data cache path C:/Users/nerdb/AppData/Local/UnrealEngine/Common/DerivedDataCache: Writable
[2023.05.04-15.16.24:520][  0]LogDerivedDataCache: Shared data cache path not found in *engine.ini, will not use an Shared cache.
[2023.05.04-15.16.24:520][  0]LogDerivedDataCache: Unable to find inner node Shared for hierarchical cache Hierarchy.
[2023.05.04-15.16.24:570][  0]LogSlate: Using FreeType 2.10.0
[2023.05.04-15.16.24:600][  0]LogSlate: SlateFontServices - WITH_FREETYPE: 1, WITH_HARFBUZZ: 1
[2023.05.04-15.16.24:761][  0]LogInit: Using OS detected language (en-US).
[2023.05.04-15.16.24:761][  0]LogInit: Using OS detected locale (en-GB).
[2023.05.04-15.16.24:762][  0]LogTextLocalizationManager: No localization for 'en-US' exists, so 'en' will be used for the language.
[2023.05.04-15.16.24:762][  0]LogTextLocalizationManager: No localization for 'en-GB' exists, so 'en' will be used for the locale.
[2023.05.04-15.16.24:762][  0]LogSlate: FontCache flush requested. Reason: Culture for localization was changed
[2023.05.04-15.16.24:762][  0]LogSlate: FontCache flush requested. Reason: Culture for localization was changed
[2023.05.04-15.16.24:768][  0]LogTextLocalizationManager: Compacting localization data took   0.01ms
[2023.05.04-15.16.24:768][  0]LogAssetRegistry: FAssetRegistry took 0.0021 seconds to start up
[2023.05.04-15.16.24:993][  0]LogPackageLocalizationCache: Processed 27 localized package path(s) for 1 prioritized culture(s) in 0.000996 seconds
[2023.05.04-15.16.25:077][  0]LogInit: Selected Device Profile: [Windows]
[2023.05.04-15.16.25:077][  0]LogInit: Active device profile: [000001B7FB698B00][000001B7F5CF3A80 49] Windows
[2023.05.04-15.16.25:077][  0]LogInit: Profiles: [000001B7FB698B00][000001B7F5CF3A80 49] Windows, [000001B7FB656100][000001B7F5CF7C00 49] WindowsNoEditor, [000001B7FB699900][000001B7F5CFA200 49] WindowsServer, [000001B7FB656E00][000001B7F5F7A380 49] WindowsClient, [000001B7FB69BC00][000001B7F5F7E500 49] IOS, [000001B7FB654F00][000001B7F5F82680 49] iPadAir, [000001B7FB69BE00][000001B7F5F86800 49] iPadAir2, [000001B7FB610D00][000001B7F5F8EAC0 49] IPadPro, [000001B7FB610E00][000001B7F5F8AB00 49] iPadAir3, [000001B7FB657B00][000001B7F5F92C80 49] iPadAir4, [000001B7FB613700][000001B7F5F96E00 49] iPadMini2, [000001B7FB657100][000001B7F5F9AF80 49] iPadMini3, [000001B7FB613900][000001B7F5F9F100 49] iPadMini4, [000001B7FB657500][000001B7F5FA3280 49] iPadMini5, [000001B7FB630600][000001B7F5FAB540 49] iPhone6, [000001B7FB630700][000001B7F5FA7580 49] iPodTouch6, [000001B7FB69A600][000001B7F5FAF7C0 49] iPhone7, [000001B7FB69A800][000001B7F5CEF800 49] iPodTouch7, [000001B7FB630100][000001B7F5FB3940 49] iPhone5S, [000001B7FB610700][000001B7F5FB7A80 49] iPhone6Plus, [000001B7FB632500][000001B7F5FBFC00 49] iPhone6S, [000001B7FB611400][000001B7F5FC2200 49] iPhone6SPlus, [000001B7FB633B00][000001B7F63FE380 49] iPhone7Plus, [000001B7FB613600][000001B7F6402500 49] iPhoneSE, [000001B7FB69AC00][000001B7F6406680 49] iPhone8, [000001B7FB610600][000001B7F640A800 49] iPhone8Plus, [000001B7FB69A100][000001B7F640E980 49] iPhoneX, [000001B7FB612900][000001B7F6412B00 49] iPhoneXS, [000001B7FB69BD00][000001B7F6416C80 49] iPhoneXSMax, [000001B7FB612E00][000001B7F641AE00 49] iPhoneXR, [000001B7FB69BF00][000001B7F641EF80 49] iPhone11, [000001B7FB611F00][000001B7F6423100 49] iPhone11Pro, [000001B7FB698600][000001B7F6427280 49] iPhone11ProMax, [000001B7FB612000][000001B7F642B400 49] iPhoneSE2, [000001B7FB69BA00][000001B7F642F580 49] iPhone12Mini, [000001B7FB612700][000001B7F6433700 49] iPhone12, [000001B7FB69AA00][000001B7F6437880 49] iPhone12Pro, [000001B7FB610500][000001B7F5FBB9C0 49] iPhone12ProMax, [000001B7FB69B900][000001B7F643BB00 49] iPadPro105, [000001B7FB611800][000001B7F643E0C0 49] iPadPro129, [000001B7FB698C00][000001B7F6446240 49] iPadPro97, [000001B7FB612400][000001B7F644A3C0 49] iPadPro2_129, [000001B7FB698800][000001B7FBABE540 49] iPad5, [000001B7FB610400][000001B7FBAC26C0 49] iPad6, [000001B7FB699B00][000001B7FBAC6840 49] iPad7, [000001B7FB613500][000001B7FBACA9C0 49] iPad8, [000001B7FB69A500][000001B7FBACEB40 49] iPadPro11, [000001B7FB612A00][000001B7FBAD2CC0 49] iPadPro2_11, [000001B7FB698F00][000001B7FBAD6E40 49] iPadPro3_129, [000001B7FB613100][000001B7FBADAFC0 49] iPadPro4_129, [000001B7FB699600][000001B7FBADF140 49] AppleTV, [000001B7FB612500][000001B7FBAE32C0 49] AppleTV4K, [000001B7FB699A00][000001B7FBAE7440 49] TVOS, [000001B7FB611B00][000001B7FBAEB5C0 49] Mac, [000001B7FB69A400][000001B7FBAEF740 49] MacClient, [000001B7FB613C00][000001B7FBAF38C0 49] MacNoEditor, [000001B7FB69B500][000001B7FBAF7A40 49] MacServer, [000001B7FB612300][000001B7F6443B80 49] Linux, [000001B7FB698900][000001B7FBAFA140 49] LinuxAArch64, [000001B7FB611E00][000001B7FBAFE280 49] LinuxNoEditor, [000001B7FB69A300][000001B7FBB023C0 49] LinuxAArch64NoEditor, [000001B7FB610C00][000001B7FBB0A540 49] LinuxClient, [000001B7FB699C00][000001B7FBB0E6C0 49] LinuxAArch64Client, [000001B7FB613800][000001B7FBB12840 49] LinuxServer, [000001B7FB69B000][000001B7FBB169C0 49] LinuxAArch64Server, [000001B7FB612C00][000001B7FBB1AB40 49] Android, [000001B7FB699200][000001B7FBB1ECC0 49] Android_Low, [000001B7FB611500][000001B7FBB22E40 49] Android_Mid, [000001B7FB698100][000001B7FBB26FC0 49] Android_High, [000001B7FB612200][000001B7FBB2B140 49] Android_Default, [000001B7FB699300][000001B7FBB2F2C0 49] Android_Adreno4xx, [000001B7FB656300][000001B7FBB33440 49] Android_Adreno5xx_Low, [000001B7FB633600][000001B7FBB375C0 49] Android_Adreno5xx, [000001B7FB657E00][000001B7FBB3B740 49] Android_Adreno6xx, [000001B7FB632700][000001B7FBB3F8C0 49] Android_Adreno6xx_Vulkan, [000001B7FB657600][000001B7FBB43A40 49] Android_Mali_T6xx, [000001B7FB630F00][000001B7FBB47BC0 49] Android_Mali_T7xx, [000001B7FB655B00][000001B7FBB06180 49] Android_Mali_T8xx, [000001B7FB631F00][000001B7FBB4A2C0 49] Android_Mali_G71, [000001B7FB656C00][000001B7FBB4E400 49] Android_Mali_G72, [000001B7FB632F00][000001B7FBB52540 49] Android_Mali_G72_Vulkan, [000001B7FB656500][000001B7FBB5A6C0 49] Android_Mali_G76, [000001B7FB632200][000001B7FBB5E840 49] Android_Mali_G76_Vulkan, [000001B7FB654E00][000001B7FBB629C0 49] Android_Mali_G77, [000001B7FB631400][000001B7FBB66B40 49] Android_Mali_G77_Vulkan, [000001B7FB657700][000001B7FBB6ACC0 49] Android_Mali_G78, [000001B7FB631300][000001B7FBB6EE40 49] Android_Mali_G78_Vulkan, [000001B7FB655500][000001B7FBB72FC0 49] Android_Mali_G710, [000001B7FB633D00][000001B7FBB77140 49] Android_Mali_G710_Vulkan, [000001B7FB654700][000001B7FBB7B2C0 49] Android_Vulkan_SM5, [000001B7FB631B00][000001B7FBB7F440 49] Android_PowerVR_G6xxx, [000001B7FB654A00][000001B7FBB835C0 49] Android_PowerVR_GT7xxx, [000001B7FB630200][000001B7FBB87740 49] Android_PowerVR_GE8xxx, [000001B7FB657800][000001B7FBB8B8C0 49] Android_PowerVR_GM9xxx, [000001B7FB630A00][000001B7FBB8FA40 49] Android_PowerVR_GM9xxx_Vulkan, [000001B7FB655000][000001B7FBB93BC0 49] Android_TegraK1, [000001B7FB631700][000001B7FBB961C0 49] Android_Unknown_Vulkan, [000001B7FB655800][000001B7FBB9A340 49] Lumin, [000001B7FB633C00][000001B7FBB56480 49] Lumin_Desktop, [000001B7FB655600][000001B7FBB9E5C0 49] HoloLens, 
[2023.05.04-15.16.25:275][  0]LogMeshReduction: Using QuadricMeshReduction for automatic static mesh reduction
[2023.05.04-15.16.25:275][  0]LogMeshReduction: Using SimplygonMeshReduction for automatic skeletal mesh reduction
[2023.05.04-15.16.25:275][  0]LogMeshReduction: Using ProxyLODMeshReduction for automatic mesh merging
[2023.05.04-15.16.25:275][  0]LogMeshReduction: No distributed automatic mesh merging module available
[2023.05.04-15.16.25:275][  0]LogMeshMerging: No distributed automatic mesh merging module available
[2023.05.04-15.16.25:444][  0]LogNetVersion: Body 1.0.0, NetCL: 17155196, EngineNetVer: 17, GameNetVer: 0 (Checksum: 3971312772)
[2023.05.04-15.16.26:655][  0]LogTexture: Default maximum texture size for cubemaps generated from long-lat sources has been changed from 512 to unlimited. In order to preserve old behaiour for '/Engine/MapTemplates/Sky/DaylightAmbientCubemap.DaylightAmbientCubemap', its maximum texture size has been explicitly set to 512.
[2023.05.04-15.16.26:827][  0]LogHMD: PokeAHoleMaterial loaded successfully
