Log file open, 05/04/23 15:15:29
LogWindows: Failed to load 'aqProf.dll' (GetLastError=126)
LogWindows: File 'aqProf.dll' does not exist
LogWindows: Failed to load 'VtuneApi.dll' (GetLastError=126)
LogWindows: File 'VtuneApi.dll' does not exist
LogWindows: Failed to load 'VtuneApi32e.dll' (GetLastError=126)
LogWindows: File 'VtuneApi32e.dll' does not exist
LogConsoleResponse: Display: Failed to find resolution value strings in scalability ini. Falling back to default.
LogConsoleResponse: Display: Failed to find resolution value strings in scalability ini. Falling back to default.
LogInit: Display: Running engine for game: Body
LogPlatformFile: Not using cached read wrapper
LogTaskGraph: Started task graph with 5 named threads and 47 total threads with 3 sets of task threads.
LogStats: Stats thread started at 0.224445
LogICUInternationalization: ICU TimeZone Detection - Raw Offset: +0:00, Platform Override: ''
LogInit: Display: Loading text-based GConfig....
LogPluginManager: Mounting plugin MeshPainting
LogPluginManager: Mounting plugin XGEController
LogPluginManager: Mounting plugin Paper2D
LogPluginManager: Mounting plugin EnvironmentQueryEditor
LogPluginManager: Mounting plugin AISupport
LogPluginManager: Mounting plugin LiveLink
LogPluginManager: Mounting plugin LightPropagationVolume
LogPluginManager: Mounting plugin CameraShakePreviewer
LogPluginManager: Mounting plugin OodleData
LogPluginManager: Mounting plugin OodleNetwork
LogPluginManager: Mounting plugin CLionSourceCodeAccess
LogPluginManager: Mounting plugin AnimationSharing
LogPluginManager: Mounting plugin CodeLiteSourceCodeAccess
LogPluginManager: Mounting plugin GitSourceControl
LogPluginManager: Mounting plugin KDevelopSourceCodeAccess
LogPluginManager: Mounting plugin NullSourceCodeAccess
LogPluginManager: Mounting plugin PerforceSourceControl
LogPluginManager: Mounting plugin PlasticSourceControl
LogPluginManager: Mounting plugin PixWinPlugin
LogPluginManager: Mounting plugin PluginUtils
LogPluginManager: Mounting plugin CryptoKeys
LogPluginManager: Mounting plugin CurveEditorTools
LogPluginManager: Mounting plugin PropertyAccessNode
LogPluginManager: Mounting plugin DataValidation
LogPluginManager: Mounting plugin SubversionSourceControl
LogPluginManager: Mounting plugin FacialAnimation
LogPluginManager: Mounting plugin GameplayTagsEditor
LogPluginManager: Mounting plugin GeometryMode
LogPluginManager: Mounting plugin MaterialAnalyzer
LogPluginManager: Mounting plugin MacGraphicsSwitching
LogPluginManager: Mounting plugin TextureFormatOodle
LogPluginManager: Mounting plugin MobileLauncherProfileWizard
LogPluginManager: Mounting plugin PluginBrowser
LogPluginManager: Mounting plugin RiderSourceCodeAccess
LogPluginManager: Mounting plugin VisualStudioSourceCodeAccess
LogPluginManager: Mounting plugin VisualStudioCodeSourceCodeAccess
LogPluginManager: Mounting plugin XCodeSourceCodeAccess
LogPluginManager: Mounting plugin SpeedTreeImporter
LogPluginManager: Mounting plugin DatasmithContent
LogPluginManager: Mounting plugin UObjectPlugin
LogPluginManager: Mounting plugin GameplayCameras
LogPluginManager: Mounting plugin VariantManagerContent
LogPluginManager: Mounting plugin LuminPlatformFeatures
LogPluginManager: Mounting plugin MagicLeap
LogPluginManager: Mounting plugin MagicLeapMedia
LogPluginManager: Mounting plugin MagicLeapLightEstimation
LogPluginManager: Mounting plugin MagicLeapPassableWorld
LogPluginManager: Mounting plugin MLSDK
LogPluginManager: Mounting plugin AndroidMedia
LogPluginManager: Mounting plugin AvfMedia
LogPluginManager: Mounting plugin ImgMedia
LogPluginManager: Mounting plugin MediaCompositing
LogPluginManager: Mounting plugin AlembicImporter
LogPluginManager: Mounting plugin AutomationUtils
LogPluginManager: Mounting plugin BackChannel
LogPluginManager: Mounting plugin TcpMessaging
LogPluginManager: Mounting plugin MediaPlayerEditor
LogPluginManager: Mounting plugin UdpMessaging
LogPluginManager: Mounting plugin ChaosCloth
LogPluginManager: Mounting plugin WmfMedia
LogPluginManager: Mounting plugin ChaosClothEditor
LogPluginManager: Mounting plugin ChaosEditor
LogPluginManager: Mounting plugin ChaosNiagara
LogPluginManager: Mounting plugin ChaosSolverPlugin
LogPluginManager: Mounting plugin CharacterAI
LogPluginManager: Mounting plugin ActorSequence
LogPluginManager: Mounting plugin LevelSequenceEditor
LogPluginManager: Mounting plugin WebMMedia
LogPluginManager: Mounting plugin MatineeToLevelSequence
LogPluginManager: Mounting plugin TemplateSequence
LogPluginManager: Mounting plugin GeometryCache
LogPluginManager: Mounting plugin GeometryCollectionPlugin
LogPluginManager: Mounting plugin GeometryProcessing
LogPluginManager: Mounting plugin MotoSynth
LogPluginManager: Mounting plugin OpenImageDenoise
LogPluginManager: Mounting plugin PlatformCrypto
LogPluginManager: Mounting plugin ProxyLODPlugin
LogPluginManager: Mounting plugin PythonScriptPlugin
LogPluginManager: Mounting plugin SkeletalReduction
LogPluginManager: Mounting plugin LauncherChunkInstaller
LogPluginManager: Mounting plugin PlanarCut
LogPluginManager: Mounting plugin OnlineSubsystem
LogPluginManager: Mounting plugin OnlineSubsystemNull
LogPluginManager: Mounting plugin OnlineSubsystemUtils
LogPluginManager: Mounting plugin ScreenshotTools
LogPluginManager: Mounting plugin ActorLayerUtilities
LogPluginManager: Mounting plugin AndroidMoviePlayer
LogPluginManager: Mounting plugin AndroidDeviceProfileSelector
LogPluginManager: Mounting plugin AndroidPermission
LogPluginManager: Mounting plugin AppleImageUtils
LogPluginManager: Mounting plugin AppleMoviePlayer
LogPluginManager: Mounting plugin AssetTags
LogPluginManager: Mounting plugin ArchVisCharacter
LogPluginManager: Mounting plugin AudioSynesthesia
LogPluginManager: Mounting plugin CableComponent
LogPluginManager: Mounting plugin ChunkDownloader
LogPluginManager: Mounting plugin CustomMeshComponent
LogPluginManager: Mounting plugin EditableMesh
LogPluginManager: Mounting plugin ExampleDeviceProfileSelector
LogPluginManager: Mounting plugin Takes
LogPluginManager: Mounting plugin GoogleCloudMessaging
LogPluginManager: Mounting plugin GooglePAD
LogPluginManager: Mounting plugin Niagara
LogPluginManager: Mounting plugin LinuxDeviceProfileSelector
LogPluginManager: Mounting plugin MobilePatchingUtils
LogPluginManager: Mounting plugin AssetManagerEditor
LogPluginManager: Mounting plugin OpenXREyeTracker
LogPluginManager: Mounting plugin OpenXR
LogPluginManager: Mounting plugin OpenXRHandTracking
LogPluginManager: Mounting plugin PhysXVehicles
LogPluginManager: Mounting plugin PostSplashScreen
LogPluginManager: Mounting plugin ProceduralMeshComponent
LogPluginManager: Mounting plugin PropertyAccessEditor
LogPluginManager: Mounting plugin RuntimePhysXCooking
LogPluginManager: Mounting plugin SignificanceManager
LogPluginManager: Mounting plugin SoundFields
LogPluginManager: Mounting plugin IOSDeviceProfileSelector
LogPluginManager: Mounting plugin Synthesis
LogPluginManager: Mounting plugin WebMMoviePlayer
LogPluginManager: Mounting plugin LocationServicesBPLibrary
LogPluginManager: Mounting plugin WindowsMoviePlayer
LogPluginManager: Mounting plugin AudioCapture
LogPluginManager: Mounting plugin ContentBrowserAssetDataSource
LogPluginManager: Mounting plugin ContentBrowserClassDataSource
LogPluginManager: Mounting plugin ContentBrowserFileDataSource
LogPluginManager: Mounting plugin OnlineSubsystemGooglePlay
LogPluginManager: Mounting plugin OnlineSubsystemIOS
LogPluginManager: Mounting plugin OculusVR
LogPluginManager: Mounting plugin SteamVR
PixWinPlugin: PIX capture plugin failed to initialize! Check that the process is launched from PIX.
LogInit: Using libcurl 7.55.1-DEV
LogInit:  - built for x86_64-pc-win32
LogInit:  - supports SSL with OpenSSL/1.1.1
LogInit:  - supports HTTP deflate (compression) using libz 1.2.8
LogInit:  - other features:
LogInit:      CURL_VERSION_SSL
LogInit:      CURL_VERSION_LIBZ
LogInit:      CURL_VERSION_IPV6
LogInit:      CURL_VERSION_ASYNCHDNS
LogInit:      CURL_VERSION_LARGEFILE
LogInit:      CURL_VERSION_IDN
LogInit:  CurlRequestOptions (configurable via config and command line):
LogInit:  - bVerifyPeer = true  - Libcurl will verify peer certificate
LogInit:  - bUseHttpProxy = false  - Libcurl will NOT use HTTP proxy
LogInit:  - bDontReuseConnections = false  - Libcurl will reuse connections
LogInit:  - MaxHostConnections = 16  - Libcurl will limit the number of connections to a host
LogInit:  - LocalHostAddr = Default
LogInit:  - BufferSize = 65536
LogOnline: OSS: Creating online subsystem instance for: NULL
LogInit: WinSock: version 1.1 (2.2), MaxSocks=32767, MaxUdp=65467
LogOnline: OSS: TryLoadSubsystemAndSetDefault: Loaded subsystem for module [NULL]
LogOculusPluginWrapper: OculusPlugin initialized successfully
LogHMD: Failed initializing OVRPlugin 1.59.0
LogInit: Build: ++UE4+Release-4.27-CL-18319896
LogInit: Engine Version: 4.27.2-18319896+++UE4+Release-4.27
LogInit: Compatible Engine Version: 4.27.0-17155196+++UE4+Release-4.27
LogInit: Net CL: 17155196
LogInit: OS: Windows 10 (Release 2009) (), CPU: 12th Gen Intel(R) Core(TM) i7-1260P, GPU: Intel(R) Iris(R) Xe Graphics
LogInit: Compiled (64-bit): Nov 30 2021 07:12:08
LogInit: Compiled with Visual C++: 19.24.28315.00
LogInit: Build Configuration: Development
LogInit: Branch Name: ++UE4+Release-4.27
LogInit: Command Line:  /Game/TwinStickBP/Maps/TwinStickExampleMap -game -PIEVIACONSOLE -Multiprocess GameUserSettingsINI=C:/Users/nerdb/OneDrive/Documents/Body/Body/Saved/Config/Windows/PIEGameUserSettings0.ini -MultiprocessSaveConfig -forcepassthrough -messaging -SessionName="Play in Standalone Game" -windowed -ResX=1280 -ResY=720
LogInit: Base Directory: C:/Program Files/Epic Games/UE_4.27/Engine/Binaries/Win64/
LogInit: Allocator: TBB
LogInit: Installed Engine Build: 1
LogDevObjectVersion: Number of dev versions registered: 29
LogDevObjectVersion:   Dev-Blueprints (B0D832E4-1F89-4F0D-ACCF-7EB736FD4AA2): 10
LogDevObjectVersion:   Dev-Build (E1C64328-A22C-4D53-A36C-8E866417BD8C): 0
LogDevObjectVersion:   Dev-Core (375EC13C-06E4-48FB-B500-84F0262A717E): 4
LogDevObjectVersion:   Dev-Editor (E4B068ED-F494-42E9-A231-DA0B2E46BB41): 40
LogDevObjectVersion:   Dev-Framework (CFFC743F-43B0-4480-9391-14DF171D2073): 37
LogDevObjectVersion:   Dev-Mobile (B02B49B5-BB20-44E9-A304-32B752E40360): 3
LogDevObjectVersion:   Dev-Networking (A4E4105C-59A1-49B5-A7C5-40C4547EDFEE): 0
LogDevObjectVersion:   Dev-Online (39C831C9-5AE6-47DC-9A44-9C173E1C8E7C): 0
LogDevObjectVersion:   Dev-Physics (78F01B33-EBEA-4F98-B9B4-84EACCB95AA2): 14
LogDevObjectVersion:   Dev-Platform (6631380F-2D4D-43E0-8009-CF276956A95A): 0
LogDevObjectVersion:   Dev-Rendering (12F88B9F-8875-4AFC-A67C-D90C383ABD29): 45
LogDevObjectVersion:   Dev-Sequencer (7B5AE74C-D270-4C10-A958-57980B212A5A): 13
LogDevObjectVersion:   Dev-VR (D7296918-1DD6-4BDD-9DE2-64A83CC13884): 3
LogDevObjectVersion:   Dev-LoadTimes (C2A15278-BFE7-4AFE-6C17-90FF531DF755): 1
LogDevObjectVersion:   Private-Geometry (6EACA3D4-40EC-4CC1-B786-8BED09428FC5): 3
LogDevObjectVersion:   Dev-AnimPhys (29E575DD-E0A3-4627-9D10-D276232CDCEA): 17
LogDevObjectVersion:   Dev-Anim (AF43A65D-7FD3-4947-9873-3E8ED9C1BB05): 15
LogDevObjectVersion:   Dev-ReflectionCapture (6B266CEC-1EC7-4B8F-A30B-E4D90942FC07): 1
LogDevObjectVersion:   Dev-Automation (0DF73D61-A23F-47EA-B727-89E90C41499A): 1
LogDevObjectVersion:   FortniteMain (601D1886-AC64-4F84-AA16-D3DE0DEAC7D6): 47
LogDevObjectVersion:   FortniteRelease (E7086368-6B23-4C58-8439-1B7016265E91): 1
LogDevObjectVersion:   Dev-Enterprise (9DFFBCD6-494F-0158-E221-12823C92A888): 10
LogDevObjectVersion:   Dev-Niagara (F2AED0AC-9AFE-416F-8664-AA7FFA26D6FC): 1
LogDevObjectVersion:   Dev-Destruction (174F1F0B-B4C6-45A5-B13F-2EE8D0FB917D): 10
LogDevObjectVersion:   Dev-Physics-Ext (35F94A83-E258-406C-A318-09F59610247C): 41
LogDevObjectVersion:   Dev-PhysicsMaterial-Chaos (B68FC16E-8B1B-42E2-B453-215C058844FE): 1
LogDevObjectVersion:   Dev-CineCamera (B2E18506-4273-CFC2-A54E-F4BB758BBA07): 1
LogDevObjectVersion:   Dev-VirtualProduction (64F58936-FD1B-42BA-BA96-7289D5D0FA4E): 1
LogDevObjectVersion:   Dev-MediaFramework (6F0ED827-A609-4895-9C91-998D90180EA4): 2
LogInit: Presizing for max 25165824 objects, including 0 objects not considered by GC, pre-allocating 0 bytes for permanent pool.
LogConfig: Applying CVar settings from Section [/Script/Engine.StreamingSettings] File [C:/Users/nerdb/OneDrive/Documents/Body/Body/Saved/Config/Windows/Engine.ini]
LogConfig: Setting CVar [[s.MinBulkDataSizeForAsyncLoading:131072]]
LogConfig: Setting CVar [[s.AsyncLoadingThreadEnabled:0]]
LogConfig: Setting CVar [[s.EventDrivenLoaderEnabled:1]]
LogConfig: Setting CVar [[s.WarnIfTimeLimitExceeded:0]]
LogConfig: Setting CVar [[s.TimeLimitExceededMultiplier:1.5]]
LogConfig: Setting CVar [[s.TimeLimitExceededMinTime:0.005]]
LogConfig: Setting CVar [[s.UseBackgroundLevelStreaming:1]]
LogConfig: Setting CVar [[s.PriorityAsyncLoadingExtraTime:15.0]]
LogConfig: Setting CVar [[s.LevelStreamingActorsUpdateTimeLimit:5.0]]
LogConfig: Setting CVar [[s.PriorityLevelStreamingActorsUpdateExtraTime:5.0]]
LogConfig: Setting CVar [[s.LevelStreamingComponentsRegistrationGranularity:10]]
LogConfig: Setting CVar [[s.UnregisterComponentsTimeLimit:1.0]]
LogConfig: Setting CVar [[s.LevelStreamingComponentsUnregistrationGranularity:5]]
LogConfig: Setting CVar [[s.FlushStreamingOnExit:1]]
LogInit: Object subsystem initialized
LogConfig: Setting CVar [[con.DebugEarlyDefault:1]]
LogConfig: Setting CVar [[r.setres:1280x720]]
[2023.05.04-14.15.30:444][  0]LogConfig: Setting CVar [[con.DebugEarlyDefault:1]]
[2023.05.04-14.15.30:444][  0]LogConfig: Setting CVar [[r.setres:1280x720]]
[2023.05.04-14.15.30:444][  0]LogConfig: Applying CVar settings from Section [/Script/Engine.RendererSettings] File [C:/Users/nerdb/OneDrive/Documents/Body/Body/Saved/Config/Windows/Engine.ini]
[2023.05.04-14.15.30:444][  0]LogConfig: Setting CVar [[r.GPUCrashDebugging:0]]
[2023.05.04-14.15.30:444][  0]LogConfig: Setting CVar [[r.DefaultFeature.AntiAliasing:1]]
[2023.05.04-14.15.30:444][  0]LogConfig: Setting CVar [[r.DefaultFeature.MotionBlur:0]]
[2023.05.04-14.15.30:444][  0]LogConfig: Setting CVar [[r.DefaultFeature.Bloom:0]]
[2023.05.04-14.15.30:444][  0]LogConfig: Setting CVar [[r.DefaultFeature.AutoExposure:0]]
[2023.05.04-14.15.30:444][  0]LogConfig: Applying CVar settings from Section [/Script/Engine.RendererOverrideSettings] File [C:/Users/nerdb/OneDrive/Documents/Body/Body/Saved/Config/Windows/Engine.ini]
[2023.05.04-14.15.30:444][  0]LogConfig: Applying CVar settings from Section [/Script/Engine.StreamingSettings] File [C:/Users/nerdb/OneDrive/Documents/Body/Body/Saved/Config/Windows/Engine.ini]
[2023.05.04-14.15.30:444][  0]LogConfig: Setting CVar [[s.MinBulkDataSizeForAsyncLoading:131072]]
[2023.05.04-14.15.30:444][  0]LogConfig: Setting CVar [[s.AsyncLoadingThreadEnabled:0]]
[2023.05.04-14.15.30:444][  0]LogConfig: Setting CVar [[s.EventDrivenLoaderEnabled:1]]
[2023.05.04-14.15.30:444][  0]LogConfig: Setting CVar [[s.WarnIfTimeLimitExceeded:0]]
[2023.05.04-14.15.30:444][  0]LogConfig: Setting CVar [[s.TimeLimitExceededMultiplier:1.5]]
[2023.05.04-14.15.30:444][  0]LogConfig: Setting CVar [[s.TimeLimitExceededMinTime:0.005]]
[2023.05.04-14.15.30:444][  0]LogConfig: Setting CVar [[s.UseBackgroundLevelStreaming:1]]
[2023.05.04-14.15.30:444][  0]LogConfig: Setting CVar [[s.PriorityAsyncLoadingExtraTime:15.0]]
[2023.05.04-14.15.30:444][  0]LogConfig: Setting CVar [[s.LevelStreamingActorsUpdateTimeLimit:5.0]]
[2023.05.04-14.15.30:444][  0]LogConfig: Setting CVar [[s.PriorityLevelStreamingActorsUpdateExtraTime:5.0]]
[2023.05.04-14.15.30:444][  0]LogConfig: Setting CVar [[s.LevelStreamingComponentsRegistrationGranularity:10]]
[2023.05.04-14.15.30:444][  0]LogConfig: Setting CVar [[s.UnregisterComponentsTimeLimit:1.0]]
[2023.05.04-14.15.30:444][  0]LogConfig: Setting CVar [[s.LevelStreamingComponentsUnregistrationGranularity:5]]
[2023.05.04-14.15.30:444][  0]LogConfig: Setting CVar [[s.FlushStreamingOnExit:1]]
[2023.05.04-14.15.30:444][  0]LogConfig: Applying CVar settings from Section [/Script/Engine.GarbageCollectionSettings] File [C:/Users/nerdb/OneDrive/Documents/Body/Body/Saved/Config/Windows/Engine.ini]
[2023.05.04-14.15.30:444][  0]LogConfig: Setting CVar [[gc.MaxObjectsNotConsideredByGC:1]]
[2023.05.04-14.15.30:444][  0]LogConfig: Setting CVar [[gc.SizeOfPermanentObjectPool:0]]
[2023.05.04-14.15.30:444][  0]LogConfig: Setting CVar [[gc.FlushStreamingOnGC:0]]
[2023.05.04-14.15.30:444][  0]LogConfig: Setting CVar [[gc.NumRetriesBeforeForcingGC:10]]
[2023.05.04-14.15.30:444][  0]LogConfig: Setting CVar [[gc.AllowParallelGC:1]]
[2023.05.04-14.15.30:444][  0]LogConfig: Setting CVar [[gc.TimeBetweenPurgingPendingKillObjects:61.1]]
[2023.05.04-14.15.30:444][  0]LogConfig: Setting CVar [[gc.MaxObjectsInEditor:25165824]]
[2023.05.04-14.15.30:444][  0]LogConfig: Setting CVar [[gc.IncrementalBeginDestroyEnabled:1]]
[2023.05.04-14.15.30:444][  0]LogConfig: Setting CVar [[gc.CreateGCClusters:1]]
[2023.05.04-14.15.30:444][  0]LogConfig: Setting CVar [[gc.MinGCClusterSize:5]]
[2023.05.04-14.15.30:444][  0]LogConfig: Setting CVar [[gc.ActorClusteringEnabled:0]]
[2023.05.04-14.15.30:444][  0]LogConfig: Setting CVar [[gc.BlueprintClusteringEnabled:0]]
[2023.05.04-14.15.30:444][  0]LogConfig: Setting CVar [[gc.UseDisregardForGCOnDedicatedServers:0]]
[2023.05.04-14.15.30:444][  0]LogConfig: Setting CVar [[gc.MultithreadedDestructionEnabled:1]]
[2023.05.04-14.15.30:444][  0]LogConfig: Applying CVar settings from Section [/Script/Engine.NetworkSettings] File [C:/Users/nerdb/OneDrive/Documents/Body/Body/Saved/Config/Windows/Engine.ini]
[2023.05.04-14.15.30:444][  0]LogConfig: Applying CVar settings from Section [/Script/UnrealEd.CookerSettings] File [C:/Users/nerdb/OneDrive/Documents/Body/Body/Saved/Config/Windows/Engine.ini]
[2023.05.04-14.15.30:447][  0]LogConfig: Applying CVar settings from Section [ViewDistanceQuality@3] File [C:/Users/nerdb/OneDrive/Documents/Body/Body/Saved/Config/Windows/Scalability.ini]
[2023.05.04-14.15.30:447][  0]LogConfig: Setting CVar [[r.SkeletalMeshLODBias:0]]
[2023.05.04-14.15.30:447][  0]LogConfig: Setting CVar [[r.ViewDistanceScale:1.0]]
[2023.05.04-14.15.30:447][  0]LogConfig: Applying CVar settings from Section [AntiAliasingQuality@3] File [C:/Users/nerdb/OneDrive/Documents/Body/Body/Saved/Config/Windows/Scalability.ini]
[2023.05.04-14.15.30:447][  0]LogConfig: Setting CVar [[r.PostProcessAAQuality:4]]
[2023.05.04-14.15.30:447][  0]LogConfig: Applying CVar settings from Section [ShadowQuality@3] File [C:/Users/nerdb/OneDrive/Documents/Body/Body/Saved/Config/Windows/Scalability.ini]
[2023.05.04-14.15.30:447][  0]LogConfig: Setting CVar [[r.LightFunctionQuality:1]]
[2023.05.04-14.15.30:448][  0]LogConfig: Setting CVar [[r.ShadowQuality:5]]
[2023.05.04-14.15.30:448][  0]LogConfig: Setting CVar [[r.Shadow.CSM.MaxCascades:10]]
[2023.05.04-14.15.30:448][  0]LogConfig: Setting CVar [[r.Shadow.MaxResolution:2048]]
[2023.05.04-14.15.30:448][  0]LogConfig: Setting CVar [[r.Shadow.MaxCSMResolution:2048]]
[2023.05.04-14.15.30:448][  0]LogConfig: Setting CVar [[r.Shadow.RadiusThreshold:0.01]]
[2023.05.04-14.15.30:448][  0]LogConfig: Setting CVar [[r.Shadow.DistanceScale:1.0]]
[2023.05.04-14.15.30:448][  0]LogConfig: Setting CVar [[r.Shadow.CSM.TransitionScale:1.0]]
[2023.05.04-14.15.30:448][  0]LogConfig: Setting CVar [[r.Shadow.PreShadowResolutionFactor:1.0]]
[2023.05.04-14.15.30:448][  0]LogConfig: Setting CVar [[r.DistanceFieldShadowing:1]]
[2023.05.04-14.15.30:448][  0]LogConfig: Setting CVar [[r.DistanceFieldAO:1]]
[2023.05.04-14.15.30:448][  0]LogConfig: Setting CVar [[r.AOQuality:2]]
[2023.05.04-14.15.30:448][  0]LogConfig: Setting CVar [[r.VolumetricFog:1]]
[2023.05.04-14.15.30:448][  0]LogConfig: Setting CVar [[r.VolumetricFog.GridPixelSize:8]]
[2023.05.04-14.15.30:448][  0]LogConfig: Setting CVar [[r.VolumetricFog.GridSizeZ:128]]
[2023.05.04-14.15.30:448][  0]LogConfig: Setting CVar [[r.VolumetricFog.HistoryMissSupersampleCount:4]]
[2023.05.04-14.15.30:448][  0]LogConfig: Setting CVar [[r.LightMaxDrawDistanceScale:1]]
[2023.05.04-14.15.30:448][  0]LogConfig: Setting CVar [[r.CapsuleShadows:1]]
[2023.05.04-14.15.30:448][  0]LogConfig: Applying CVar settings from Section [PostProcessQuality@3] File [C:/Users/nerdb/OneDrive/Documents/Body/Body/Saved/Config/Windows/Scalability.ini]
[2023.05.04-14.15.30:448][  0]LogConfig: Setting CVar [[r.MotionBlurQuality:4]]
[2023.05.04-14.15.30:448][  0]LogConfig: Setting CVar [[r.AmbientOcclusionMipLevelFactor:0.4]]
[2023.05.04-14.15.30:448][  0]LogConfig: Setting CVar [[r.AmbientOcclusionMaxQuality:100]]
[2023.05.04-14.15.30:448][  0]LogConfig: Setting CVar [[r.AmbientOcclusionLevels:-1]]
[2023.05.04-14.15.30:448][  0]LogConfig: Setting CVar [[r.AmbientOcclusionRadiusScale:1.0]]
[2023.05.04-14.15.30:448][  0]LogConfig: Setting CVar [[r.DepthOfFieldQuality:2]]
[2023.05.04-14.15.30:448][  0]LogConfig: Setting CVar [[r.RenderTargetPoolMin:400]]
[2023.05.04-14.15.30:448][  0]LogConfig: Setting CVar [[r.LensFlareQuality:2]]
[2023.05.04-14.15.30:448][  0]LogConfig: Setting CVar [[r.SceneColorFringeQuality:1]]
[2023.05.04-14.15.30:448][  0]LogConfig: Setting CVar [[r.EyeAdaptationQuality:2]]
[2023.05.04-14.15.30:448][  0]LogConfig: Setting CVar [[r.BloomQuality:5]]
[2023.05.04-14.15.30:448][  0]LogConfig: Setting CVar [[r.FastBlurThreshold:100]]
[2023.05.04-14.15.30:448][  0]LogConfig: Setting CVar [[r.Upscale.Quality:3]]
[2023.05.04-14.15.30:448][  0]LogConfig: Setting CVar [[r.Tonemapper.GrainQuantization:1]]
[2023.05.04-14.15.30:448][  0]LogConfig: Setting CVar [[r.LightShaftQuality:1]]
[2023.05.04-14.15.30:448][  0]LogConfig: Setting CVar [[r.Filter.SizeScale:1]]
[2023.05.04-14.15.30:448][  0]LogConfig: Setting CVar [[r.Tonemapper.Quality:5]]
[2023.05.04-14.15.30:448][  0]LogConfig: Setting CVar [[r.DOF.Gather.AccumulatorQuality:1        ; higher gathering accumulator quality]]
[2023.05.04-14.15.30:448][  0]LogConfig: Setting CVar [[r.DOF.Gather.PostfilterMethod:1          ; Median3x3 postfilering method]]
[2023.05.04-14.15.30:448][  0]LogConfig: Setting CVar [[r.DOF.Gather.EnableBokehSettings:0       ; no bokeh simulation when gathering]]
[2023.05.04-14.15.30:448][  0]LogConfig: Setting CVar [[r.DOF.Gather.RingCount:4                 ; medium number of samples when gathering]]
[2023.05.04-14.15.30:448][  0]LogConfig: Setting CVar [[r.DOF.Scatter.ForegroundCompositing:1    ; additive foreground scattering]]
[2023.05.04-14.15.30:448][  0]LogConfig: Setting CVar [[r.DOF.Scatter.BackgroundCompositing:2    ; additive background scattering]]
[2023.05.04-14.15.30:448][  0]LogConfig: Setting CVar [[r.DOF.Scatter.EnableBokehSettings:1      ; bokeh simulation when scattering]]
[2023.05.04-14.15.30:448][  0]LogConfig: Setting CVar [[r.DOF.Scatter.MaxSpriteRatio:0.1         ; only a maximum of 10% of scattered bokeh]]
[2023.05.04-14.15.30:449][  0]LogConfig: Setting CVar [[r.DOF.Recombine.Quality:1                ; cheap slight out of focus]]
[2023.05.04-14.15.30:449][  0]LogConfig: Setting CVar [[r.DOF.Recombine.EnableBokehSettings:0    ; no bokeh simulation on slight out of focus]]
[2023.05.04-14.15.30:449][  0]LogConfig: Setting CVar [[r.DOF.TemporalAAQuality:1                ; more stable temporal accumulation]]
[2023.05.04-14.15.30:449][  0]LogConfig: Setting CVar [[r.DOF.Kernel.MaxForegroundRadius:0.025]]
[2023.05.04-14.15.30:449][  0]LogConfig: Setting CVar [[r.DOF.Kernel.MaxBackgroundRadius:0.025]]
[2023.05.04-14.15.30:449][  0]LogConfig: Applying CVar settings from Section [TextureQuality@3] File [C:/Users/nerdb/OneDrive/Documents/Body/Body/Saved/Config/Windows/Scalability.ini]
[2023.05.04-14.15.30:449][  0]LogConfig: Setting CVar [[r.Streaming.MipBias:0]]
[2023.05.04-14.15.30:449][  0]LogConfig: Setting CVar [[r.Streaming.AmortizeCPUToGPUCopy:0]]
[2023.05.04-14.15.30:449][  0]LogConfig: Setting CVar [[r.Streaming.MaxNumTexturesToStreamPerFrame:0]]
[2023.05.04-14.15.30:449][  0]LogConfig: Setting CVar [[r.Streaming.Boost:1]]
[2023.05.04-14.15.30:449][  0]LogConfig: Setting CVar [[r.MaxAnisotropy:8]]
[2023.05.04-14.15.30:449][  0]LogConfig: Setting CVar [[r.VT.MaxAnisotropy:8]]
[2023.05.04-14.15.30:449][  0]LogConfig: Setting CVar [[r.Streaming.LimitPoolSizeToVRAM:0]]
[2023.05.04-14.15.30:449][  0]LogConfig: Setting CVar [[r.Streaming.PoolSize:1000]]
[2023.05.04-14.15.30:449][  0]LogConfig: Setting CVar [[r.Streaming.MaxEffectiveScreenSize:0]]
[2023.05.04-14.15.30:449][  0]LogConfig: Applying CVar settings from Section [EffectsQuality@3] File [C:/Users/nerdb/OneDrive/Documents/Body/Body/Saved/Config/Windows/Scalability.ini]
[2023.05.04-14.15.30:449][  0]LogConfig: Setting CVar [[r.TranslucencyLightingVolumeDim:64]]
[2023.05.04-14.15.30:449][  0]LogConfig: Setting CVar [[r.RefractionQuality:2]]
[2023.05.04-14.15.30:449][  0]LogConfig: Setting CVar [[r.SSR.Quality:3]]
[2023.05.04-14.15.30:449][  0]LogConfig: Setting CVar [[r.SSR.HalfResSceneColor:0]]
[2023.05.04-14.15.30:449][  0]LogConfig: Setting CVar [[r.SceneColorFormat:4]]
[2023.05.04-14.15.30:449][  0]LogConfig: Setting CVar [[r.DetailMode:2]]
[2023.05.04-14.15.30:449][  0]LogConfig: Setting CVar [[r.TranslucencyVolumeBlur:1]]
[2023.05.04-14.15.30:449][  0]LogConfig: Setting CVar [[r.MaterialQualityLevel:1 ; High quality]]
[2023.05.04-14.15.30:449][  0]LogConfig: Setting CVar [[r.AnisotropicMaterials:1]]
[2023.05.04-14.15.30:449][  0]LogConfig: Setting CVar [[r.SSS.Scale:1]]
[2023.05.04-14.15.30:449][  0]LogConfig: Setting CVar [[r.SSS.SampleSet:2]]
[2023.05.04-14.15.30:449][  0]LogConfig: Setting CVar [[r.SSS.Quality:1]]
[2023.05.04-14.15.30:449][  0]LogConfig: Setting CVar [[r.SSS.HalfRes:0]]
[2023.05.04-14.15.30:449][  0]LogConfig: Setting CVar [[r.SSGI.Quality:3]]
[2023.05.04-14.15.30:449][  0]LogConfig: Setting CVar [[r.EmitterSpawnRateScale:1.0]]
[2023.05.04-14.15.30:449][  0]LogConfig: Setting CVar [[r.ParticleLightQuality:2]]
[2023.05.04-14.15.30:449][  0]LogConfig: Setting CVar [[r.SkyAtmosphere.AerialPerspectiveLUT.FastApplyOnOpaque:1 ; Always have FastSkyLUT 1 in this case to avoid wrong sky]]
[2023.05.04-14.15.30:449][  0]LogConfig: Setting CVar [[r.SkyAtmosphere.AerialPerspectiveLUT.SampleCountMaxPerSlice:4]]
[2023.05.04-14.15.30:449][  0]LogConfig: Setting CVar [[r.SkyAtmosphere.AerialPerspectiveLUT.DepthResolution:16.0]]
[2023.05.04-14.15.30:449][  0]LogConfig: Setting CVar [[r.SkyAtmosphere.FastSkyLUT:1]]
[2023.05.04-14.15.30:449][  0]LogConfig: Setting CVar [[r.SkyAtmosphere.FastSkyLUT.SampleCountMin:4.0]]
[2023.05.04-14.15.30:449][  0]LogConfig: Setting CVar [[r.SkyAtmosphere.FastSkyLUT.SampleCountMax:128.0]]
[2023.05.04-14.15.30:449][  0]LogConfig: Setting CVar [[r.SkyAtmosphere.SampleCountMin:4.0]]
[2023.05.04-14.15.30:449][  0]LogConfig: Setting CVar [[r.SkyAtmosphere.SampleCountMax:128.0]]
[2023.05.04-14.15.30:449][  0]LogConfig: Setting CVar [[r.SkyAtmosphere.TransmittanceLUT.UseSmallFormat:0]]
[2023.05.04-14.15.30:449][  0]LogConfig: Setting CVar [[r.SkyAtmosphere.TransmittanceLUT.SampleCount:10.0]]
[2023.05.04-14.15.30:449][  0]LogConfig: Setting CVar [[r.SkyAtmosphere.MultiScatteringLUT.SampleCount:15.0]]
[2023.05.04-14.15.30:449][  0]LogConfig: Setting CVar [[r.SkyLight.RealTimeReflectionCapture:1]]
[2023.05.04-14.15.30:449][  0]LogConfig: Applying CVar settings from Section [FoliageQuality@3] File [C:/Users/nerdb/OneDrive/Documents/Body/Body/Saved/Config/Windows/Scalability.ini]
[2023.05.04-14.15.30:449][  0]LogConfig: Setting CVar [[foliage.DensityScale:1.0]]
[2023.05.04-14.15.30:449][  0]LogConfig: Setting CVar [[grass.DensityScale:1.0]]
[2023.05.04-14.15.30:449][  0]LogConfig: Applying CVar settings from Section [ShadingQuality@3] File [C:/Users/nerdb/OneDrive/Documents/Body/Body/Saved/Config/Windows/Scalability.ini]
[2023.05.04-14.15.30:449][  0]LogConfig: Setting CVar [[r.HairStrands.SkyLighting.IntegrationType:2]]
[2023.05.04-14.15.30:449][  0]LogConfig: Setting CVar [[r.HairStrands.SkyAO.SampleCount:4]]
[2023.05.04-14.15.30:449][  0]LogConfig: Setting CVar [[r.HairStrands.Visibility.MSAA.SamplePerPixel:4]]
[2023.05.04-14.15.30:449][  0]LogInit: Selected Device Profile: [Windows]
[2023.05.04-14.15.30:449][  0]LogInit: Applying CVar settings loaded from the selected device profile: [Windows]
[2023.05.04-14.15.30:449][  0]LogHAL: Display: Platform has ~ 16 GB [16890978304 / 17179869184 / 16], which maps to Larger [LargestMinGB=32, LargerMinGB=12, DefaultMinGB=8, SmallerMinGB=6, SmallestMinGB=0)
[2023.05.04-14.15.30:449][  0]LogInit: Going up to parent DeviceProfile []
[2023.05.04-14.15.30:449][  0]LogConfig: Applying CVar settings from Section [ViewDistanceQuality@3] File [C:/Users/nerdb/OneDrive/Documents/Body/Body/Saved/Config/Windows/Scalability.ini]
[2023.05.04-14.15.30:449][  0]LogConfig: Setting CVar [[r.SkeletalMeshLODBias:0]]
[2023.05.04-14.15.30:449][  0]LogConfig: Setting CVar [[r.ViewDistanceScale:1.0]]
[2023.05.04-14.15.30:449][  0]LogConfig: Applying CVar settings from Section [AntiAliasingQuality@3] File [C:/Users/nerdb/OneDrive/Documents/Body/Body/Saved/Config/Windows/Scalability.ini]
[2023.05.04-14.15.30:449][  0]LogConfig: Setting CVar [[r.PostProcessAAQuality:4]]
[2023.05.04-14.15.30:449][  0]LogConfig: Applying CVar settings from Section [ShadowQuality@3] File [C:/Users/nerdb/OneDrive/Documents/Body/Body/Saved/Config/Windows/Scalability.ini]
[2023.05.04-14.15.30:449][  0]LogConfig: Setting CVar [[r.LightFunctionQuality:1]]
[2023.05.04-14.15.30:449][  0]LogConfig: Setting CVar [[r.ShadowQuality:5]]
[2023.05.04-14.15.30:449][  0]LogConfig: Setting CVar [[r.Shadow.CSM.MaxCascades:10]]
[2023.05.04-14.15.30:449][  0]LogConfig: Setting CVar [[r.Shadow.MaxResolution:2048]]
[2023.05.04-14.15.30:449][  0]LogConfig: Setting CVar [[r.Shadow.MaxCSMResolution:2048]]
[2023.05.04-14.15.30:449][  0]LogConfig: Setting CVar [[r.Shadow.RadiusThreshold:0.01]]
[2023.05.04-14.15.30:449][  0]LogConfig: Setting CVar [[r.Shadow.DistanceScale:1.0]]
[2023.05.04-14.15.30:449][  0]LogConfig: Setting CVar [[r.Shadow.CSM.TransitionScale:1.0]]
[2023.05.04-14.15.30:449][  0]LogConfig: Setting CVar [[r.Shadow.PreShadowResolutionFactor:1.0]]
[2023.05.04-14.15.30:449][  0]LogConfig: Setting CVar [[r.DistanceFieldShadowing:1]]
[2023.05.04-14.15.30:449][  0]LogConfig: Setting CVar [[r.DistanceFieldAO:1]]
[2023.05.04-14.15.30:449][  0]LogConfig: Setting CVar [[r.AOQuality:2]]
[2023.05.04-14.15.30:449][  0]LogConfig: Setting CVar [[r.VolumetricFog:1]]
[2023.05.04-14.15.30:449][  0]LogConfig: Setting CVar [[r.VolumetricFog.GridPixelSize:8]]
[2023.05.04-14.15.30:449][  0]LogConfig: Setting CVar [[r.VolumetricFog.GridSizeZ:128]]
[2023.05.04-14.15.30:449][  0]LogConfig: Setting CVar [[r.VolumetricFog.HistoryMissSupersampleCount:4]]
[2023.05.04-14.15.30:449][  0]LogConfig: Setting CVar [[r.LightMaxDrawDistanceScale:1]]
[2023.05.04-14.15.30:449][  0]LogConfig: Setting CVar [[r.CapsuleShadows:1]]
[2023.05.04-14.15.30:449][  0]LogConfig: Applying CVar settings from Section [PostProcessQuality@3] File [C:/Users/nerdb/OneDrive/Documents/Body/Body/Saved/Config/Windows/Scalability.ini]
[2023.05.04-14.15.30:450][  0]LogConfig: Setting CVar [[r.MotionBlurQuality:4]]
[2023.05.04-14.15.30:450][  0]LogConfig: Setting CVar [[r.AmbientOcclusionMipLevelFactor:0.4]]
[2023.05.04-14.15.30:450][  0]LogConfig: Setting CVar [[r.AmbientOcclusionMaxQuality:100]]
[2023.05.04-14.15.30:450][  0]LogConfig: Setting CVar [[r.AmbientOcclusionLevels:-1]]
[2023.05.04-14.15.30:450][  0]LogConfig: Setting CVar [[r.AmbientOcclusionRadiusScale:1.0]]
[2023.05.04-14.15.30:450][  0]LogConfig: Setting CVar [[r.DepthOfFieldQuality:2]]
[2023.05.04-14.15.30:450][  0]LogConfig: Setting CVar [[r.RenderTargetPoolMin:400]]
[2023.05.04-14.15.30:450][  0]LogConfig: Setting CVar [[r.LensFlareQuality:2]]
[2023.05.04-14.15.30:450][  0]LogConfig: Setting CVar [[r.SceneColorFringeQuality:1]]
[2023.05.04-14.15.30:450][  0]LogConfig: Setting CVar [[r.EyeAdaptationQuality:2]]
[2023.05.04-14.15.30:450][  0]LogConfig: Setting CVar [[r.BloomQuality:5]]
[2023.05.04-14.15.30:450][  0]LogConfig: Setting CVar [[r.FastBlurThreshold:100]]
[2023.05.04-14.15.30:450][  0]LogConfig: Setting CVar [[r.Upscale.Quality:3]]
[2023.05.04-14.15.30:450][  0]LogConfig: Setting CVar [[r.Tonemapper.GrainQuantization:1]]
[2023.05.04-14.15.30:450][  0]LogConfig: Setting CVar [[r.LightShaftQuality:1]]
[2023.05.04-14.15.30:450][  0]LogConfig: Setting CVar [[r.Filter.SizeScale:1]]
[2023.05.04-14.15.30:450][  0]LogConfig: Setting CVar [[r.Tonemapper.Quality:5]]
[2023.05.04-14.15.30:450][  0]LogConfig: Setting CVar [[r.DOF.Gather.AccumulatorQuality:1        ; higher gathering accumulator quality]]
[2023.05.04-14.15.30:450][  0]LogConfig: Setting CVar [[r.DOF.Gather.PostfilterMethod:1          ; Median3x3 postfilering method]]
[2023.05.04-14.15.30:450][  0]LogConfig: Setting CVar [[r.DOF.Gather.EnableBokehSettings:0       ; no bokeh simulation when gathering]]
[2023.05.04-14.15.30:450][  0]LogConfig: Setting CVar [[r.DOF.Gather.RingCount:4                 ; medium number of samples when gathering]]
[2023.05.04-14.15.30:450][  0]LogConfig: Setting CVar [[r.DOF.Scatter.ForegroundCompositing:1    ; additive foreground scattering]]
[2023.05.04-14.15.30:450][  0]LogConfig: Setting CVar [[r.DOF.Scatter.BackgroundCompositing:2    ; additive background scattering]]
[2023.05.04-14.15.30:450][  0]LogConfig: Setting CVar [[r.DOF.Scatter.EnableBokehSettings:1      ; bokeh simulation when scattering]]
[2023.05.04-14.15.30:450][  0]LogConfig: Setting CVar [[r.DOF.Scatter.MaxSpriteRatio:0.1         ; only a maximum of 10% of scattered bokeh]]
[2023.05.04-14.15.30:450][  0]LogConfig: Setting CVar [[r.DOF.Recombine.Quality:1                ; cheap slight out of focus]]
[2023.05.04-14.15.30:450][  0]LogConfig: Setting CVar [[r.DOF.Recombine.EnableBokehSettings:0    ; no bokeh simulation on slight out of focus]]
[2023.05.04-14.15.30:450][  0]LogConfig: Setting CVar [[r.DOF.TemporalAAQuality:1                ; more stable temporal accumulation]]
[2023.05.04-14.15.30:450][  0]LogConfig: Setting CVar [[r.DOF.Kernel.MaxForegroundRadius:0.025]]
[2023.05.04-14.15.30:450][  0]LogConfig: Setting CVar [[r.DOF.Kernel.MaxBackgroundRadius:0.025]]
[2023.05.04-14.15.30:450][  0]LogConfig: Applying CVar settings from Section [TextureQuality@3] File [C:/Users/nerdb/OneDrive/Documents/Body/Body/Saved/Config/Windows/Scalability.ini]
[2023.05.04-14.15.30:450][  0]LogConfig: Setting CVar [[r.Streaming.MipBias:0]]
[2023.05.04-14.15.30:450][  0]LogConfig: Setting CVar [[r.Streaming.AmortizeCPUToGPUCopy:0]]
[2023.05.04-14.15.30:450][  0]LogConfig: Setting CVar [[r.Streaming.MaxNumTexturesToStreamPerFrame:0]]
[2023.05.04-14.15.30:450][  0]LogConfig: Setting CVar [[r.Streaming.Boost:1]]
[2023.05.04-14.15.30:450][  0]LogConfig: Setting CVar [[r.MaxAnisotropy:8]]
[2023.05.04-14.15.30:450][  0]LogConfig: Setting CVar [[r.VT.MaxAnisotropy:8]]
[2023.05.04-14.15.30:450][  0]LogConfig: Setting CVar [[r.Streaming.LimitPoolSizeToVRAM:0]]
[2023.05.04-14.15.30:450][  0]LogConfig: Setting CVar [[r.Streaming.PoolSize:1000]]
[2023.05.04-14.15.30:450][  0]LogConfig: Setting CVar [[r.Streaming.MaxEffectiveScreenSize:0]]
[2023.05.04-14.15.30:450][  0]LogConfig: Applying CVar settings from Section [EffectsQuality@3] File [C:/Users/nerdb/OneDrive/Documents/Body/Body/Saved/Config/Windows/Scalability.ini]
[2023.05.04-14.15.30:450][  0]LogConfig: Setting CVar [[r.TranslucencyLightingVolumeDim:64]]
[2023.05.04-14.15.30:450][  0]LogConfig: Setting CVar [[r.RefractionQuality:2]]
[2023.05.04-14.15.30:450][  0]LogConfig: Setting CVar [[r.SSR.Quality:3]]
[2023.05.04-14.15.30:450][  0]LogConfig: Setting CVar [[r.SSR.HalfResSceneColor:0]]
[2023.05.04-14.15.30:450][  0]LogConfig: Setting CVar [[r.SceneColorFormat:4]]
[2023.05.04-14.15.30:450][  0]LogConfig: Setting CVar [[r.DetailMode:2]]
[2023.05.04-14.15.30:450][  0]LogConfig: Setting CVar [[r.TranslucencyVolumeBlur:1]]
[2023.05.04-14.15.30:450][  0]LogConfig: Setting CVar [[r.MaterialQualityLevel:1 ; High quality]]
[2023.05.04-14.15.30:450][  0]LogConfig: Setting CVar [[r.AnisotropicMaterials:1]]
[2023.05.04-14.15.30:450][  0]LogConfig: Setting CVar [[r.SSS.Scale:1]]
[2023.05.04-14.15.30:450][  0]LogConfig: Setting CVar [[r.SSS.SampleSet:2]]
[2023.05.04-14.15.30:450][  0]LogConfig: Setting CVar [[r.SSS.Quality:1]]
[2023.05.04-14.15.30:450][  0]LogConfig: Setting CVar [[r.SSS.HalfRes:0]]
[2023.05.04-14.15.30:450][  0]LogConfig: Setting CVar [[r.SSGI.Quality:3]]
[2023.05.04-14.15.30:450][  0]LogConfig: Setting CVar [[r.EmitterSpawnRateScale:1.0]]
[2023.05.04-14.15.30:450][  0]LogConfig: Setting CVar [[r.ParticleLightQuality:2]]
[2023.05.04-14.15.30:450][  0]LogConfig: Setting CVar [[r.SkyAtmosphere.AerialPerspectiveLUT.FastApplyOnOpaque:1 ; Always have FastSkyLUT 1 in this case to avoid wrong sky]]
[2023.05.04-14.15.30:450][  0]LogConfig: Setting CVar [[r.SkyAtmosphere.AerialPerspectiveLUT.SampleCountMaxPerSlice:4]]
[2023.05.04-14.15.30:450][  0]LogConfig: Setting CVar [[r.SkyAtmosphere.AerialPerspectiveLUT.DepthResolution:16.0]]
[2023.05.04-14.15.30:450][  0]LogConfig: Setting CVar [[r.SkyAtmosphere.FastSkyLUT:1]]
[2023.05.04-14.15.30:450][  0]LogConfig: Setting CVar [[r.SkyAtmosphere.FastSkyLUT.SampleCountMin:4.0]]
[2023.05.04-14.15.30:450][  0]LogConfig: Setting CVar [[r.SkyAtmosphere.FastSkyLUT.SampleCountMax:128.0]]
[2023.05.04-14.15.30:450][  0]LogConfig: Setting CVar [[r.SkyAtmosphere.SampleCountMin:4.0]]
[2023.05.04-14.15.30:450][  0]LogConfig: Setting CVar [[r.SkyAtmosphere.SampleCountMax:128.0]]
[2023.05.04-14.15.30:450][  0]LogConfig: Setting CVar [[r.SkyAtmosphere.TransmittanceLUT.UseSmallFormat:0]]
[2023.05.04-14.15.30:450][  0]LogConfig: Setting CVar [[r.SkyAtmosphere.TransmittanceLUT.SampleCount:10.0]]
[2023.05.04-14.15.30:450][  0]LogConfig: Setting CVar [[r.SkyAtmosphere.MultiScatteringLUT.SampleCount:15.0]]
[2023.05.04-14.15.30:450][  0]LogConfig: Setting CVar [[r.SkyLight.RealTimeReflectionCapture:1]]
[2023.05.04-14.15.30:450][  0]LogConfig: Applying CVar settings from Section [FoliageQuality@3] File [C:/Users/nerdb/OneDrive/Documents/Body/Body/Saved/Config/Windows/Scalability.ini]
[2023.05.04-14.15.30:450][  0]LogConfig: Setting CVar [[foliage.DensityScale:1.0]]
[2023.05.04-14.15.30:450][  0]LogConfig: Setting CVar [[grass.DensityScale:1.0]]
[2023.05.04-14.15.30:450][  0]LogConfig: Applying CVar settings from Section [ShadingQuality@3] File [C:/Users/nerdb/OneDrive/Documents/Body/Body/Saved/Config/Windows/Scalability.ini]
[2023.05.04-14.15.30:450][  0]LogConfig: Setting CVar [[r.HairStrands.SkyLighting.IntegrationType:2]]
[2023.05.04-14.15.30:450][  0]LogConfig: Setting CVar [[r.HairStrands.SkyAO.SampleCount:4]]
[2023.05.04-14.15.30:450][  0]LogConfig: Setting CVar [[r.HairStrands.Visibility.MSAA.SamplePerPixel:4]]
[2023.05.04-14.15.30:450][  0]LogConfig: Applying CVar settings from Section [Startup] File [../../../Engine/Config/ConsoleVariables.ini]
[2023.05.04-14.15.30:450][  0]LogConfig: Setting CVar [[net.UseAdaptiveNetUpdateFrequency:0]]
[2023.05.04-14.15.30:450][  0]LogConfig: Setting CVar [[p.chaos.AllowCreatePhysxBodies:1]]
[2023.05.04-14.15.30:450][  0]LogConfig: Setting CVar [[fx.SkipVectorVMBackendOptimizations:1]]
[2023.05.04-14.15.30:450][  0]LogConfig: Applying CVar settings from Section [ConsoleVariables] File [C:/Users/nerdb/OneDrive/Documents/Body/Body/Saved/Config/Windows/Engine.ini]
[2023.05.04-14.15.30:450][  0]LogConfig: Applying CVar settings from Section [ConsoleVariables] File [C:/Users/nerdb/OneDrive/Documents/Body/Body/Saved/Config/Windows/Editor.ini]
[2023.05.04-14.15.30:450][  0]LogInit: Computer: DESKTOP-TF26OEU
[2023.05.04-14.15.30:450][  0]LogInit: User: nerdb
[2023.05.04-14.15.30:450][  0]LogInit: CPU Page size=4096, Cores=12
[2023.05.04-14.15.30:450][  0]LogInit: High frequency timer resolution =10.000000 MHz
[2023.05.04-14.15.30:450][  0]LogMemory: Memory total: Physical=15.7GB (16GB approx)
[2023.05.04-14.15.30:450][  0]LogMemory: Platform Memory Stats for Windows
[2023.05.04-14.15.30:450][  0]LogMemory: Process Physical Memory: 149.07 MB used, 149.07 MB peak
[2023.05.04-14.15.30:450][  0]LogMemory: Process Virtual Memory: 123.31 MB used, 123.31 MB peak
[2023.05.04-14.15.30:450][  0]LogMemory: Physical Memory: 11741.57 MB used,  4366.92 MB free, 16108.49 MB total
[2023.05.04-14.15.30:451][  0]LogMemory: Virtual Memory: 134212024.00 MB used,  5700.67 MB free, 134217728.00 MB total
[2023.05.04-14.15.30:458][  0]LogWindows: WindowsPlatformFeatures enabled
[2023.05.04-14.15.30:485][  0]LogInit: Physics initialised using underlying interface: PhysX
[2023.05.04-14.15.30:486][  0]LogInit: Using OS detected language (en-US).
[2023.05.04-14.15.30:486][  0]LogInit: Using OS detected locale (en-GB).
[2023.05.04-14.15.30:489][  0]LogTextLocalizationManager: No specific localization for 'en-US' exists, so the 'en' localization will be used.
[2023.05.04-14.15.30:665][  0]LogWindowsTextInputMethodSystem: Display: IME system deactivated.
[2023.05.04-14.15.30:683][  0]LogSlate: New Slate User Created.  User Index 0, Is Virtual User: 0
[2023.05.04-14.15.30:683][  0]LogSlate: Slate User Registered.  User Index 0, Is Virtual User: 0
[2023.05.04-14.15.30:694][  0]LogD3D11RHI: Loaded GFSDK_Aftermath_Lib.x64.dll
[2023.05.04-14.15.30:696][  0]LogHMD: Failed to initialize OpenVR with code 110
[2023.05.04-14.15.30:697][  0]LogD3D11RHI: D3D11 min allowed feature level: 11_0
[2023.05.04-14.15.30:697][  0]LogD3D11RHI: D3D11 max allowed feature level: 11_0
[2023.05.04-14.15.30:697][  0]LogD3D11RHI: D3D11 adapters:
[2023.05.04-14.15.30:738][  0]LogD3D11RHI:    0. 'Intel(R) Iris(R) Xe Graphics' (Feature Level 11_0)
[2023.05.04-14.15.30:738][  0]LogD3D11RHI:       128/0/8054 MB DedicatedVideo/DedicatedSystem/SharedSystem, Outputs:1, VendorId:0x8086
[2023.05.04-14.15.30:740][  0]LogD3D11RHI:    1. 'Microsoft Basic Render Driver' (Feature Level 11_0)
[2023.05.04-14.15.30:740][  0]LogD3D11RHI:       0/0/8054 MB DedicatedVideo/DedicatedSystem/SharedSystem, Outputs:0, VendorId:0x1414
[2023.05.04-14.15.30:740][  0]LogD3D11RHI: Chosen D3D11 Adapter:
[2023.05.04-14.15.30:740][  0]LogD3D11RHI:     Description : Intel(R) Iris(R) Xe Graphics
[2023.05.04-14.15.30:740][  0]LogD3D11RHI:     VendorId    : 8086
[2023.05.04-14.15.30:740][  0]LogD3D11RHI:     DeviceId    : 46a6
[2023.05.04-14.15.30:740][  0]LogD3D11RHI:     SubSysId    : 3ae417aa
[2023.05.04-14.15.30:740][  0]LogD3D11RHI:     Revision    : 000c
[2023.05.04-14.15.30:741][  0]LogD3D11RHI:     DedicatedVideoMemory : 134217728 bytes
[2023.05.04-14.15.30:741][  0]LogD3D11RHI:     DedicatedSystemMemory : 0 bytes
[2023.05.04-14.15.30:741][  0]LogD3D11RHI:     SharedSystemMemory : 8445489152 bytes
[2023.05.04-14.15.30:741][  0]LogD3D11RHI:     AdapterLuid : 0 45087663
[2023.05.04-14.15.30:751][  0]LogD3D11RHI: Creating new Direct3DDevice
[2023.05.04-14.15.30:751][  0]LogD3D11RHI:     GPU DeviceId: 0x46a6 (for the marketing name, search the web for "GPU Device Id")
[2023.05.04-14.15.30:751][  0]LogWindows: EnumDisplayDevices:
[2023.05.04-14.15.30:751][  0]LogWindows:    0. 'Intel(R) Iris(R) Xe Graphics' (P:1 D:1)
[2023.05.04-14.15.30:751][  0]LogWindows:    1. 'Intel(R) Iris(R) Xe Graphics' (P:0 D:0)
[2023.05.04-14.15.30:752][  0]LogWindows:    2. 'Intel(R) Iris(R) Xe Graphics' (P:0 D:0)
[2023.05.04-14.15.30:752][  0]LogWindows:    3. 'Intel(R) Iris(R) Xe Graphics' (P:0 D:0)
[2023.05.04-14.15.30:752][  0]LogWindows: DebugString: FoundDriverCount:4 
[2023.05.04-14.15.30:752][  0]LogD3D11RHI:     Adapter Name: Intel(R) Iris(R) Xe Graphics
[2023.05.04-14.15.30:752][  0]LogD3D11RHI:   Driver Version: 31.0.101.3889 (internal:31.0.101.3889, unified:31.0.101.3889)
[2023.05.04-14.15.30:752][  0]LogD3D11RHI:      Driver Date: 12-20-2022
[2023.05.04-14.15.30:752][  0]LogRHI: Texture pool is 1523 MB (70% of 2176 MB)
[2023.05.04-14.15.30:758][  0]LogD3D11RHI: Creating D3DDevice using adapter:
[2023.05.04-14.15.30:758][  0]LogD3D11RHI:     Description : Intel(R) Iris(R) Xe Graphics
[2023.05.04-14.15.30:758][  0]LogD3D11RHI:     VendorId    : 8086
[2023.05.04-14.15.30:758][  0]LogD3D11RHI:     DeviceId    : 46a6
[2023.05.04-14.15.30:758][  0]LogD3D11RHI:     SubSysId    : 3ae417aa
[2023.05.04-14.15.30:758][  0]LogD3D11RHI:     Revision    : 000c
[2023.05.04-14.15.30:758][  0]LogD3D11RHI:     DedicatedVideoMemory : 134217728 bytes
[2023.05.04-14.15.30:758][  0]LogD3D11RHI:     DedicatedSystemMemory : 0 bytes
[2023.05.04-14.15.30:758][  0]LogD3D11RHI:     SharedSystemMemory : 8445489152 bytes
[2023.05.04-14.15.30:758][  0]LogD3D11RHI:     AdapterLuid : 0 45087663
[2023.05.04-14.15.30:786][  0]LogD3D11RHI: RHI does not have support for 64 bit atomics
[2023.05.04-14.15.30:801][  0]LogD3D11RHI: Intel Extensions support version Full=16777216, Major=1, Minor=0, Revision=0
[2023.05.04-14.15.30:801][  0]LogD3D11RHI: Intel Extensions support version Full=16777217, Major=1, Minor=0, Revision=1
[2023.05.04-14.15.30:802][  0]LogD3D11RHI: Intel Extensions Framework enabled
[2023.05.04-14.15.30:803][  0]LogD3D11RHI: [IntelMetricsDiscovery] Started
[2023.05.04-14.15.30:803][  0]LogD3D11RHI: Async texture creation enabled
[2023.05.04-14.15.30:803][  0]LogD3D11RHI: Array index from any shader is supported
[2023.05.04-14.15.30:813][  0]LogD3D11RHI: GPU Timing Frequency: 19.200000 (Debug: 2 0)
[2023.05.04-14.15.31:088][  0]LogTargetPlatformManager: Display: Loaded TargetPlatform 'WindowsNoEditor'
[2023.05.04-14.15.31:093][  0]LogTargetPlatformManager: Display: Loaded TargetPlatform 'Windows'
[2023.05.04-14.15.31:098][  0]LogTargetPlatformManager: Display: Loaded TargetPlatform 'WindowsClient'
[2023.05.04-14.15.31:102][  0]LogTargetPlatformManager: Display: Loaded TargetPlatform 'WindowsServer'
[2023.05.04-14.15.31:102][  0]LogTargetPlatformManager: Display: Building Assets For Windows
[2023.05.04-14.15.31:110][  0]LogAudioDebug: Display: Lib vorbis DLL was dynamically loaded.
[2023.05.04-14.15.31:142][  0]LogTextureFormatOodle: Display: Oodle Texture 2.9.0 init RDO Off
[2023.05.04-14.15.31:176][  0]LogRendererCore: Ray tracing is disabled. Reason: r.RayTracing=0.
[2023.05.04-14.15.31:176][  0]LogShaderCompilers: Guid format shader working directory is -13 characters bigger than the processId version (../../../../../../Users/nerdb/OneDrive/Documents/Body/Body/Intermediate/Shaders/WorkingDirectory/14624/).
[2023.05.04-14.15.31:176][  0]LogShaderCompilers: Cleaned the shader compiler working directory 'C:/Users/nerdb/AppData/Local/Temp/UnrealShaderWorkingDir/1014B0AB4993463F8F22E0B281816D39/'.
[2023.05.04-14.15.31:176][  0]LogXGEController: Cannot use XGE Controller as Incredibuild is not installed on this machine.
[2023.05.04-14.15.31:176][  0]LogShaderCompilers: Cannot use XGE Shader Compiler as Incredibuild is not installed on this machine.
[2023.05.04-14.15.31:176][  0]LogShaderCompilers: Display: Using Local Shader Compiler.
[2023.05.04-14.15.31:842][  0]LogDerivedDataCache: Display: Max Cache Size: 512 MB
[2023.05.04-14.15.31:903][  0]LogDerivedDataCache: Loaded boot cache 0.06s 94MB C:/Users/nerdb/AppData/Local/UnrealEngine/4.27/DerivedDataCache/Boot.ddc.
[2023.05.04-14.15.31:903][  0]LogDerivedDataCache: Display: Loaded Boot cache: C:/Users/nerdb/AppData/Local/UnrealEngine/4.27/DerivedDataCache/Boot.ddc
[2023.05.04-14.15.31:903][  0]LogDerivedDataCache: FDerivedDataBackendGraph:  Pak pak cache file ../../../../../../Users/nerdb/OneDrive/Documents/Body/Body/DerivedDataCache/DDC.ddp not found, will not use a pak cache.
[2023.05.04-14.15.31:903][  0]LogDerivedDataCache: Unable to find inner node Pak for hierarchical cache Hierarchy.
[2023.05.04-14.15.31:903][  0]LogDerivedDataCache: FDerivedDataBackendGraph:  CompressedPak pak cache file ../../../../../../Users/nerdb/OneDrive/Documents/Body/Body/DerivedDataCache/Compressed.ddp not found, will not use a pak cache.
[2023.05.04-14.15.31:903][  0]LogDerivedDataCache: Unable to find inner node CompressedPak for hierarchical cache Hierarchy.
[2023.05.04-14.15.31:919][  0]LogDerivedDataCache: Display: Pak cache opened for reading ../../../Engine/DerivedDataCache/Compressed.ddp.
[2023.05.04-14.15.31:919][  0]LogDerivedDataCache: FDerivedDataBackendGraph:  EnterprisePak pak cache file ../../../Enterprise/DerivedDataCache/Compressed.ddp not found, will not use a pak cache.
[2023.05.04-14.15.31:919][  0]LogDerivedDataCache: Unable to find inner node EnterprisePak for hierarchical cache Hierarchy.
[2023.05.04-14.15.31:933][  0]LogDerivedDataCache: Speed tests for C:/Users/nerdb/AppData/Local/UnrealEngine/Common/DerivedDataCache took 0.01 seconds
[2023.05.04-14.15.31:933][  0]LogDerivedDataCache: Display: Performance to C:/Users/nerdb/AppData/Local/UnrealEngine/Common/DerivedDataCache: Latency=0.03ms. RandomReadSpeed=920.03MBs, RandomWriteSpeed=72.96MBs. Assigned SpeedClass 'Local'
[2023.05.04-14.15.31:934][  0]LogDerivedDataCache: Using Local data cache path C:/Users/nerdb/AppData/Local/UnrealEngine/Common/DerivedDataCache: Writable
[2023.05.04-14.15.31:934][  0]LogDerivedDataCache: Shared data cache path not found in *engine.ini, will not use an Shared cache.
[2023.05.04-14.15.31:934][  0]LogDerivedDataCache: Unable to find inner node Shared for hierarchical cache Hierarchy.
[2023.05.04-14.15.31:965][  0]LogSlate: Using FreeType 2.10.0
[2023.05.04-14.15.31:966][  0]LogSlate: SlateFontServices - WITH_FREETYPE: 1, WITH_HARFBUZZ: 1
[2023.05.04-14.15.32:039][  0]LogInit: Using OS detected language (en-US).
[2023.05.04-14.15.32:039][  0]LogInit: Using OS detected locale (en-GB).
[2023.05.04-14.15.32:039][  0]LogTextLocalizationManager: No localization for 'en-US' exists, so 'en' will be used for the language.
[2023.05.04-14.15.32:039][  0]LogTextLocalizationManager: No localization for 'en-GB' exists, so 'en' will be used for the locale.
[2023.05.04-14.15.32:039][  0]LogSlate: FontCache flush requested. Reason: Culture for localization was changed
[2023.05.04-14.15.32:039][  0]LogSlate: FontCache flush requested. Reason: Culture for localization was changed
[2023.05.04-14.15.32:042][  0]LogTextLocalizationManager: Compacting localization data took   0.01ms
[2023.05.04-14.15.32:042][  0]LogAssetRegistry: FAssetRegistry took 0.0019 seconds to start up
[2023.05.04-14.15.32:178][  0]LogPackageLocalizationCache: Processed 27 localized package path(s) for 1 prioritized culture(s) in 0.000782 seconds
[2023.05.04-14.15.32:225][  0]LogInit: Selected Device Profile: [Windows]
[2023.05.04-14.15.32:225][  0]LogInit: Active device profile: [000001507AF10B00][000001507A9C0580 49] Windows
[2023.05.04-14.15.32:225][  0]LogInit: Profiles: [000001507AF10B00][000001507A9C0580 49] Windows, [000001507AECE100][000001507A9C8700 49] WindowsNoEditor, [000001507AF11900][000001507A9CC880 49] WindowsServer, [000001507AECEE00][000001507A9D0A00 49] WindowsClient, [000001507AF13C00][000001507A9D4B80 49] IOS, [000001507AECCF00][000001507A9D8D00 49] iPadAir, [000001507AF13E00][000001507A9DCE80 49] iPadAir2, [000001507AE88D00][000001507616D140 49] IPadPro, [000001507AE88E00][0000015076169180 49] iPadAir3, [000001507AECFB00][0000015076171300 49] iPadAir4, [000001507AE8B700][0000015076175480 49] iPadMini2, [000001507AECF100][0000015076179600 49] iPadMini3, [000001507AE8B900][000001507A9C5740 49] iPadMini4, [000001507AECF500][000001507617D880 49] iPadMini5, [000001507AE9C600][0000015076185AC0 49] iPhone6, [000001507AE9C700][0000015076181B00 49] iPodTouch6, [000001507AF12600][0000015076190240 49] iPhone7, [000001507AF12800][000001507618C280 49] iPodTouch7, [000001507AE9C100][0000015076194400 49] iPhone5S, [000001507AE88700][000001507656C580 49] iPhone6Plus, [000001507AE9E500][0000015076570700 49] iPhone6S, [000001507AE89400][0000015076574880 49] iPhone6SPlus, [000001507AE9FB00][0000015076578A00 49] iPhone7Plus, [000001507AE8B600][000001507657CB80 49] iPhoneSE, [000001507AF12C00][0000015076580D00 49] iPhone8, [000001507AE88600][0000015076584E80 49] iPhone8Plus, [000001507AF12100][0000015076589000 49] iPhoneX, [000001507AE8A900][000001507658D180 49] iPhoneXS, [000001507AF13D00][0000015076591300 49] iPhoneXSMax, [000001507AE8AE00][0000015076595480 49] iPhoneXR, [000001507AF13F00][0000015076599600 49] iPhone11, [000001507AE89F00][000001507659D780 49] iPhone11Pro, [000001507AF10600][00000150761898C0 49] iPhone11ProMax, [000001507AE8A000][00000150765A1A00 49] iPhoneSE2, [000001507AF13A00][00000150765A5B40 49] iPhone12Mini, [000001507AE8A700][00000150765A8100 49] iPhone12, [000001507AF12A00][00000150765B0280 49] iPhone12Pro, [000001507AE88500][00000150765B4400 49] iPhone12ProMax, [000001507AF13900][0000015058902580 49] iPadPro105, [000001507AE89800][0000015058906700 49] iPadPro129, [000001507AF10C00][000001505890A880 49] iPadPro97, [000001507AE8A400][000001505890EA00 49] iPadPro2_129, [000001507AF10800][0000015058912B80 49] iPad5, [000001507AE88400][0000015058916D00 49] iPad6, [000001507AF11B00][000001505891AE80 49] iPad7, [000001507AE8B500][000001505891F000 49] iPad8, [000001507AF12500][0000015058923180 49] iPadPro11, [000001507AE8AA00][0000015058927300 49] iPadPro2_11, [000001507AF10F00][000001505892B480 49] iPadPro3_129, [000001507AE8B100][000001505892F600 49] iPadPro4_129, [000001507AF11600][000001507B9F1780 49] AppleTV, [000001507AE8A500][000001507B9F5900 49] AppleTV4K, [000001507AF11A00][000001507B9F9A80 49] TVOS, [000001507AE89B00][00000150765ADBC0 49] Mac, [000001507AF12400][000001507B9FC180 49] MacClient, [000001507AE8BC00][000001507BA002C0 49] MacNoEditor, [000001507AF13500][000001507BA08440 49] MacServer, [000001507AE8A300][000001507BA0C5C0 49] Linux, [000001507AF10900][000001507BA10740 49] LinuxAArch64, [000001507AE89E00][000001507BA148C0 49] LinuxNoEditor, [000001507AF12300][000001507BA18A40 49] LinuxAArch64NoEditor, [000001507AE88C00][000001507BA1CBC0 49] LinuxClient, [000001507AF11C00][000001507BA20D40 49] LinuxAArch64Client, [000001507AE8B800][000001507BA24EC0 49] LinuxServer, [000001507AF13000][000001507BA29040 49] LinuxAArch64Server, [000001507AE8AC00][000001507BA2D1C0 49] Android, [000001507AF11200][000001507BA31340 49] Android_Low, [000001507AE89500][000001507BA354C0 49] Android_Mid, [000001507AF10100][000001507BA39640 49] Android_High, [000001507AE8A200][000001507BA3D7C0 49] Android_Default, [000001507AF11300][000001507BA41940 49] Android_Adreno4xx, [000001507AECE300][000001507BA45AC0 49] Android_Adreno5xx_Low, [000001507AE9F600][000001507BA480C0 49] Android_Adreno5xx, [000001507AECFE00][000001507BA04200 49] Android_Adreno6xx, [000001507AE9E700][000001507BA4C340 49] Android_Adreno6xx_Vulkan, [000001507AECF600][000001507BA50480 49] Android_Mali_T6xx, [000001507AE9CF00][000001507BA545C0 49] Android_Mali_T7xx, [000001507AECDB00][000001507BA5C740 49] Android_Mali_T8xx, [000001507AE9DF00][000001507BA608C0 49] Android_Mali_G71, [000001507AECEC00][000001507BA64A40 49] Android_Mali_G72, [000001507AE9EF00][000001507BA68BC0 49] Android_Mali_G72_Vulkan, [000001507AECE500][000001507BA6CD40 49] Android_Mali_G76, [000001507AE9E200][000001507BA70EC0 49] Android_Mali_G76_Vulkan, [000001507AECCE00][000001507BA75040 49] Android_Mali_G77, [000001507AE9D400][000001507BA791C0 49] Android_Mali_G77_Vulkan, [000001507AECF700][000001507BA7D340 49] Android_Mali_G78, [000001507AE9D300][000001507BA814C0 49] Android_Mali_G78_Vulkan, [000001507AECD500][000001507BA85640 49] Android_Mali_G710, [000001507AE9FD00][000001507BA897C0 49] Android_Mali_G710_Vulkan, [000001507AECC700][000001507BA8D940 49] Android_Vulkan_SM5, [000001507AE9DB00][000001507BA91AC0 49] Android_PowerVR_G6xxx, [000001507AECCA00][000001507BA940C0 49] Android_PowerVR_GT7xxx, [000001507AE9C200][000001507BA98240 49] Android_PowerVR_GE8xxx, [000001507AECF800][000001507BA58380 49] Android_PowerVR_GM9xxx, [000001507AE9CA00][000001507BA9C4C0 49] Android_PowerVR_GM9xxx_Vulkan, [000001507AECD000][000001507BAA0600 49] Android_TegraK1, [000001507AE9D700][000001507BAA4740 49] Android_Unknown_Vulkan, [000001507AECD800][000001507BAAC8C0 49] Lumin, [000001507AE9FC00][000001507BAB0A40 49] Lumin_Desktop, [000001507AECD600][000001507BAB4BC0 49] HoloLens, 
[2023.05.04-14.15.32:339][  0]LogMeshReduction: Using QuadricMeshReduction for automatic static mesh reduction
[2023.05.04-14.15.32:339][  0]LogMeshReduction: Using SimplygonMeshReduction for automatic skeletal mesh reduction
[2023.05.04-14.15.32:340][  0]LogMeshReduction: Using ProxyLODMeshReduction for automatic mesh merging
[2023.05.04-14.15.32:340][  0]LogMeshReduction: No distributed automatic mesh merging module available
[2023.05.04-14.15.32:340][  0]LogMeshMerging: No distributed automatic mesh merging module available
[2023.05.04-14.15.32:355][  0]LogNetVersion: Body 1.0.0, NetCL: 17155196, EngineNetVer: 17, GameNetVer: 0 (Checksum: 3971312772)
[2023.05.04-14.15.32:556][  0]LogTexture: Default maximum texture size for cubemaps generated from long-lat sources has been changed from 512 to unlimited. In order to preserve old behaiour for '/Engine/MapTemplates/Sky/DaylightAmbientCubemap.DaylightAmbientCubemap', its maximum texture size has been explicitly set to 512.
[2023.05.04-14.15.32:607][  0]LogHMD: PokeAHoleMaterial loaded successfully
[2023.05.04-14.15.32:722][  0]LogMoviePlayer: Initializing movie player
[2023.05.04-14.15.32:915][  0]LogTcpMessaging: Initializing TcpMessaging bridge
[2023.05.04-14.15.32:920][  0]LogUdpMessaging: Initializing bridge on interface 0.0.0.0:0 to multicast group 230.0.0.1:6666.
[2023.05.04-14.15.32:939][  0]LogPython: Using Python 3.7.7
[2023.05.04-14.15.33:313][  0]LogNiagaraDebuggerClient: Niagara Debugger Client Initialized | Session: FD5283B54A00BCB775372C98C0C1B2B4 | Instance: 6B589F8F4A296E0358A08997D1D706EB (DESKTOP-TF26OEU-14624).
[2023.05.04-14.15.33:335][  0]LogCollectionManager: Loaded 0 collections in 0.001650 seconds
[2023.05.04-14.15.33:337][  0]LogFileCache: Scanning file cache for directory 'C:/Users/nerdb/OneDrive/Documents/Body/Body/Saved/Collections/' took 0.00s
[2023.05.04-14.15.33:337][  0]LogFileCache: Scanning file cache for directory 'C:/Users/nerdb/OneDrive/Documents/Body/Body/Content/Developers/nerdb/Collections/' took 0.00s
[2023.05.04-14.15.33:337][  0]LogFileCache: Scanning file cache for directory 'C:/Users/nerdb/OneDrive/Documents/Body/Body/Content/Collections/' took 0.00s
[2023.05.04-14.15.33:337][  0]LogCollectionManager: Fixed up redirectors for 0 collections in 0.000002 seconds (updated 0 objects)
[2023.05.04-14.15.33:444][  0]SourceControl: Source control is disabled
[2023.05.04-14.15.33:444][  0]SourceControl: Source control is disabled
[2023.05.04-14.15.33:447][  0]SourceControl: Source control is disabled
[2023.05.04-14.15.33:454][  0]LogUProjectInfo: Found projects:
[2023.05.04-14.15.33:572][  0]LogOpenImageDenoise: OIDN starting up
[2023.05.04-14.15.33:579][  0]LogAndroidPermission: UAndroidPermissionCallbackProxy::GetInstance
[2023.05.04-14.15.33:649][  0]LogAudioCaptureCore: Display: No Audio Capture implementations found. Audio input will be silent.
[2023.05.04-14.15.33:649][  0]LogAudioCaptureCore: Display: No Audio Capture implementations found. Audio input will be silent.
[2023.05.04-14.15.33:668][  0]LogOcInput: OculusInput pre-init called
[2023.05.04-14.15.33:676][  0]LogUObjectArray: 22121 objects as part of root set at end of initial load.
[2023.05.04-14.15.33:676][  0]LogUObjectAllocator: 5975632 out of 0 bytes used by permanent object pool.
[2023.05.04-14.15.33:676][  0]LogUObjectArray: CloseDisregardForGC: 0/0 objects in disregard for GC pool
[2023.05.04-14.15.33:723][  0]LogEngine: Initializing Engine...
[2023.05.04-14.15.33:726][  0]LogHMD: Failed to enumerate extensions. Please check that you have a valid OpenXR runtime installed.
[2023.05.04-14.15.33:726][  0]LogHMD: Failed to initialize OpenVR with code 110
[2023.05.04-14.15.33:726][  0]LogMagicLeap: Warning: VR disabled because ZI is not enabled.  To enable, in the editor, Edit -> Project Settings -> Plugins -> Magic Leap Plugin -> Enable Zero Iteration
[2023.05.04-14.15.33:727][  0]LogStats: UGameplayTagsManager::InitializeManager -  0.000 s
[2023.05.04-14.15.33:807][  0]LogInit: Initializing FReadOnlyCVARCache
[2023.05.04-14.15.33:807][  0]LogAudio: Display: Initializing Audio Device Manager...
[2023.05.04-14.15.33:812][  0]LogAudio: Display: Loading Default Audio Settings Objects...
[2023.05.04-14.15.33:812][  0]LogAudio: Display: No default SoundConcurrencyObject specified (or failed to load).
[2023.05.04-14.15.33:812][  0]LogAudio: Display: Audio Device Manager Initialized
[2023.05.04-14.15.33:812][  0]LogAudio: Display: Creating Audio Device:                 Id: 1, Scope: Shared, Realtime: True
[2023.05.04-14.15.33:812][  0]LogAudioMixer: Display: Audio Mixer Platform Settings:
[2023.05.04-14.15.33:812][  0]LogAudioMixer: Display: 	Sample Rate:						  48000
[2023.05.04-14.15.33:812][  0]LogAudioMixer: Display: 	Callback Buffer Frame Size Requested: 1024
[2023.05.04-14.15.33:812][  0]LogAudioMixer: Display: 	Callback Buffer Frame Size To Use:	  1024
[2023.05.04-14.15.33:812][  0]LogAudioMixer: Display: 	Number of buffers to queue:			  2
[2023.05.04-14.15.33:812][  0]LogAudioMixer: Display: 	Max Channels (voices):				  32
[2023.05.04-14.15.33:812][  0]LogAudioMixer: Display: 	Number of Async Source Workers:		  0
[2023.05.04-14.15.33:812][  0]LogAudio: Display: AudioDevice MaxSources: 32
[2023.05.04-14.15.33:813][  0]LogAudio: Display: Audio Spatialization Plugin: None (built-in).
[2023.05.04-14.15.33:813][  0]LogAudio: Display: Audio Reverb Plugin: None (built-in).
[2023.05.04-14.15.33:813][  0]LogAudio: Display: Audio Occlusion Plugin: None (built-in).
[2023.05.04-14.15.33:813][  0]LogAudioMixer: Display: Initializing audio mixer.
[2023.05.04-14.15.33:823][  0]LogAudioMixer: Display: 0: FrontLeft
[2023.05.04-14.15.33:823][  0]LogAudioMixer: Display: 1: FrontRight
[2023.05.04-14.15.33:845][  0]LogAudioMixer: Display: Using Audio Device Speakers (Realtek(R) Audio)
[2023.05.04-14.15.33:849][  0]LogAudioMixer: Display: Initializing Sound Submixes...
[2023.05.04-14.15.33:850][  0]LogAudioMixer: Display: Creating Master Submix 'MasterSubmixDefault'
[2023.05.04-14.15.33:850][  0]LogAudioMixer: Display: Creating Master Submix 'MasterReverbSubmixDefault'
[2023.05.04-14.15.33:851][  0]LogAudioMixer: Display: Creating Master Submix 'MasterEQSubmixDefault'
[2023.05.04-14.15.33:851][  0]LogAudioMixer: FMixerPlatformXAudio2::StartAudioStream() called
[2023.05.04-14.15.33:851][  0]LogAudioMixer: Display: Output buffers initialized: Frames=1024, Channels=2, Samples=2048
[2023.05.04-14.15.33:852][  0]LogAudioMixer: Display: Starting AudioMixerPlatformInterface::RunInternal()
[2023.05.04-14.15.33:852][  0]LogAudioMixer: Display: FMixerPlatformXAudio2::SubmitBuffer() called for the first time
[2023.05.04-14.15.33:852][  0]LogInit: FAudioDevice initialized.
[2023.05.04-14.15.33:854][  0]LogNetVersion: Set ProjectVersion to 1.0.0.0. Version Checksum will be recalculated on next use.
[2023.05.04-14.15.33:855][  0]LogInit: Texture streaming: Enabled
[2023.05.04-14.15.33:909][  0]LogAudio: Display: Audio Device (ID: 1) registered with world 'Untitled'.
[2023.05.04-14.15.33:909][  0]LogSlate: Updating window title bar state: overlay mode, drag disabled, window buttons hidden, title bar hidden
[2023.05.04-14.15.33:910][  0]LogInit: Display: Game Engine Initialized.
[2023.05.04-14.15.33:910][  0]LogNiagaraEditor: GEditor isn't valid! Particle reset commands will not work for Niagara components!
[2023.05.04-14.15.34:017][  0]LogInit: Display: Starting Game.
[2023.05.04-14.15.34:017][  0]LogNet: Browse: /Game/TwinStickBP/Maps/TwinStickExampleMap?Name=Player
[2023.05.04-14.15.34:018][  0]LogLoad: LoadMap: /Game/TwinStickBP/Maps/TwinStickExampleMap?Name=Player
[2023.05.04-14.15.34:018][  0]LogWorld: BeginTearingDown for /Temp/Untitled_0
[2023.05.04-14.15.34:019][  0]LogWorld: UWorld::CleanupWorld for Untitled, bSessionEnded=true, bCleanupResources=true
[2023.05.04-14.15.34:019][  0]LogSlate: InvalidateAllWidgets triggered.  All widgets were invalidated
[2023.05.04-14.15.34:024][  0]LogAudio: Display: Audio Device unregistered from world 'None'.
[2023.05.04-14.15.34:026][  0]LogUObjectHash: Compacting FUObjectHashTables data took   0.54ms
[2023.05.04-14.15.34:456][  0]LogAudio: Display: Audio Device (ID: 1) registered with world 'TwinStickExampleMap'.
[2023.05.04-14.15.34:464][  0]LogAIModule: Creating AISystem for world TwinStickExampleMap
[2023.05.04-14.15.34:465][  0]LogLoad: Game class is 'TwinStickGameMode_C'
[2023.05.04-14.15.34:466][  0]LogWorld: Bringing World /Game/TwinStickBP/Maps/TwinStickExampleMap.TwinStickExampleMap up for play (max tick rate 0) at 2023.05.04-15.15.34
[2023.05.04-14.15.34:467][  0]LogWorld: Bringing up level for play took: 0.001831
[2023.05.04-14.15.34:469][  0]LogViewport: Display: Viewport MouseLockMode Changed, LockOnCapture -> DoNotLock
[2023.05.04-14.15.34:469][  0]LogViewport: Display: Viewport HideCursorDuringCapture Changed, False -> True
[2023.05.04-14.15.34:469][  0]LogViewport: Display: Viewport MouseCaptureMode Changed, CapturePermanently_IncludingInitialMouseDown -> CaptureDuringMouseDown
[2023.05.04-14.15.34:470][  0]LogLoad: Took 0.452552 seconds to LoadMap(/Game/TwinStickBP/Maps/TwinStickExampleMap)
[2023.05.04-14.15.34:489][  0]LogSlate: Took 0.000270 seconds to synchronously load lazily loaded font '../../../Engine/Content/Slate/Fonts/Roboto-Regular.ttf' (155K)
[2023.05.04-14.15.34:506][  0]LogRenderer: Reallocating scene render targets to support 1280x720 Format 10 NumSamples 1 (Frame:1).
[2023.05.04-14.15.34:506][  0]LogInit: Display: Engine is initialized. Leaving FEngineLoop::Init()
[2023.05.04-14.15.34:506][  0]LogLoad: (Engine Initialization) Total time: 5.13 seconds
[2023.05.04-14.15.34:506][  0]LogLoad: (Engine Initialization) Total Blueprint compile time: 0.00 seconds
[2023.05.04-14.15.34:656][  0]LogContentStreaming: Texture pool size now 1000 MB
[2023.05.04-14.15.34:670][  0]LogSlate: InvalidateAllWidgets triggered.  All widgets were invalidated
[2023.05.04-14.15.34:727][  0]LogRenderer: Reallocating scene render targets to support 128x128 Format 10 NumSamples 1 (Frame:1).
[2023.05.04-14.15.34:788][  0]LogRenderer: Reallocating scene render targets to support 1280x720 Format 10 NumSamples 1 (Frame:2).
[2023.05.04-14.15.34:869][  1]LogSlate: Took 0.000295 seconds to synchronously load lazily loaded font '../../../Engine/Content/Slate/Fonts/Roboto-Regular.ttf' (155K)
[2023.05.04-14.15.35:687][ 83]LogRenderer: Reallocating scene render targets to support 1920x1020 Format 10 NumSamples 1 (Frame:85).
[2023.05.04-14.15.47:404][112]LogSlate: Window 'Body (64-bit Development PCD3D_SM5) ' being destroyed
[2023.05.04-14.15.47:404][112]LogWindowsTextInputMethodSystem: Display: IME system deactivated.
[2023.05.04-14.15.47:425][112]LogWindowsTextInputMethodSystem: Display: IME system deactivated.
[2023.05.04-14.15.47:432][112]LogSlate: Updating window title bar state: overlay mode, drag disabled, window buttons hidden, title bar hidden
[2023.05.04-14.15.47:432][112]LogEngine: All Windows Closed
[2023.05.04-14.15.47:432][112]LogWindows: FPlatformMisc::RequestExit(0)
[2023.05.04-14.15.47:432][112]LogWindows: FPlatformMisc::RequestExitWithStatus(0, 0)
[2023.05.04-14.15.47:432][112]LogCore: Engine exit requested (reason: Win RequestExit)
[2023.05.04-14.15.47:432][113]LogCore: Engine exit requested (reason: EngineExit() was called; note: exit was already requested)
[2023.05.04-14.15.47:432][113]LogInit: Display: PreExit Game.
[2023.05.04-14.15.47:444][113]LogWorld: BeginTearingDown for /Game/TwinStickBP/Maps/TwinStickExampleMap
[2023.05.04-14.15.47:444][113]LogWorld: UWorld::CleanupWorld for TwinStickExampleMap, bSessionEnded=true, bCleanupResources=true
[2023.05.04-14.15.47:445][113]LogSlate: InvalidateAllWidgets triggered.  All widgets were invalidated
[2023.05.04-14.15.47:736][113]LogAudio: Display: Beginning Audio Device Manager Shutdown (Module: AudioMixerXAudio2)...
[2023.05.04-14.15.47:736][113]LogAudio: Display: Destroying 1 Remaining Audio Device(s)...
[2023.05.04-14.15.47:736][113]LogAudio: Display: Audio Device unregistered from world 'TwinStickExampleMap'.
[2023.05.04-14.15.47:759][113]LogAudioMixer: FMixerPlatformXAudio2::StopAudioStream() called
[2023.05.04-14.15.47:761][113]LogAudioMixer: FMixerPlatformXAudio2::StopAudioStream() called
[2023.05.04-14.15.47:764][113]LogAudio: Display: Audio Device Manager Shutdown
[2023.05.04-14.15.47:769][113]LogExit: Preparing to exit.
[2023.05.04-14.15.47:773][113]LogSlate: Updating window title bar state: overlay mode, drag disabled, window buttons hidden, title bar hidden
[2023.05.04-14.15.47:777][113]LogUObjectHash: Compacting FUObjectHashTables data took   0.92ms
[2023.05.04-14.15.47:931][113]LogMoviePlayer: Shutting down movie player
[2023.05.04-14.15.48:066][113]LogDemo: Cleaned up 0 splitscreen connections with owner deletion
[2023.05.04-14.15.48:071][113]LogExit: Game engine shut down
[2023.05.04-14.15.48:109][113]LogExit: Object subsystem successfully closed.
[2023.05.04-14.15.48:127][113]LogShaderCompilers: Display: === FShaderJobCache stats ===
[2023.05.04-14.15.48:127][113]LogShaderCompilers: Display: Total job queries 0, among them cache hits 0 (0.00%)
[2023.05.04-14.15.48:127][113]LogShaderCompilers: Display: Tracking 0 distinct input hashes that result in 0 distinct outputs (0.00%)
[2023.05.04-14.15.48:127][113]LogShaderCompilers: Display: RAM used: 0.00 MB (0.00 GB) of 819.20 MB (0.80 GB) budget. Usage: 0.00%
[2023.05.04-14.15.48:127][113]LogShaderCompilers: Display: ================================================
[2023.05.04-14.15.48:139][113]LogShaderCompilers: Display: Shaders left to compile 0
[2023.05.04-14.15.48:153][113]LogModuleManager: Shutting down and abandoning module SequenceRecorderSections (558)
[2023.05.04-14.15.48:153][113]LogModuleManager: Shutting down and abandoning module SequenceRecorder (556)
[2023.05.04-14.15.48:153][113]LogModuleManager: Shutting down and abandoning module AutomationController (554)
[2023.05.04-14.15.48:153][113]LogModuleManager: Shutting down and abandoning module AutomationWorker (552)
[2023.05.04-14.15.48:153][113]LogModuleManager: Shutting down and abandoning module Voice (550)
[2023.05.04-14.15.48:153][113]LogModuleManager: Shutting down and abandoning module AIModule (548)
[2023.05.04-14.15.48:153][113]LogModuleManager: Shutting down and abandoning module GameplayDebugger (547)
[2023.05.04-14.15.48:153][113]LogModuleManager: Shutting down and abandoning module AITestSuite (545)
[2023.05.04-14.15.48:153][113]LogModuleManager: Shutting down and abandoning module NavigationSystem (543)
[2023.05.04-14.15.48:153][113]LogModuleManager: Shutting down and abandoning module SteamVREditor (540)
[2023.05.04-14.15.48:153][113]LogModuleManager: Shutting down and abandoning module ToolMenus (539)
[2023.05.04-14.15.48:153][113]LogModuleManager: Shutting down and abandoning module OculusMR (536)
[2023.05.04-14.15.48:153][113]LogModuleManager: Shutting down and abandoning module OpenXRInput (534)
[2023.05.04-14.15.48:153][113]LogModuleManager: Shutting down and abandoning module TakeRecorderSources (532)
[2023.05.04-14.15.48:153][113]LogModuleManager: Shutting down and abandoning module TakeRecorder (531)
[2023.05.04-14.15.48:154][113]LogModuleManager: Shutting down and abandoning module TakeTrackRecorders (528)
[2023.05.04-14.15.48:154][113]LogModuleManager: Shutting down and abandoning module TakesCore (526)
[2023.05.04-14.15.48:154][113]LogModuleManager: Shutting down and abandoning module PlanarCut (524)
[2023.05.04-14.15.48:154][113]LogModuleManager: Shutting down and abandoning module WebMMediaFactory (522)
[2023.05.04-14.15.48:154][113]LogModuleManager: Shutting down and abandoning module WebMMedia (520)
[2023.05.04-14.15.48:154][113]LogModuleManager: Shutting down and abandoning module CharacterAI (518)
[2023.05.04-14.15.48:154][113]LogModuleManager: Shutting down and abandoning module WmfMediaFactory (516)
[2023.05.04-14.15.48:154][113]LogModuleManager: Shutting down and abandoning module OpenExrWrapper (514)
[2023.05.04-14.15.48:154][113]LogModuleManager: Shutting down and abandoning module ImgMediaFactory (512)
[2023.05.04-14.15.48:154][113]LogModuleManager: Shutting down and abandoning module AvfMediaFactory (510)
[2023.05.04-14.15.48:154][113]LogModuleManager: Shutting down and abandoning module MagicLeapMediaCodecFactory (508)
[2023.05.04-14.15.48:154][113]LogModuleManager: Shutting down and abandoning module MagicLeapMediaFactory (506)
[2023.05.04-14.15.48:154][113]LogModuleManager: Shutting down and abandoning module SessionServices (504)
[2023.05.04-14.15.48:154][113]LogModuleManager: Shutting down and abandoning module MovieSceneCapture (502)
[2023.05.04-14.15.48:154][113]LogModuleManager: Shutting down and abandoning module LiveCoding (500)
[2023.05.04-14.15.48:154][113]LogModuleManager: Shutting down and abandoning module LevelSequence (498)
[2023.05.04-14.15.48:154][113]LogModuleManager: Shutting down and abandoning module MovieSceneTracks (496)
[2023.05.04-14.15.48:154][113]LogModuleManager: Shutting down and abandoning module MovieScene (494)
[2023.05.04-14.15.48:154][113]LogModuleManager: Shutting down and abandoning module StreamingPauseRendering (492)
[2023.05.04-14.15.48:154][113]LogModuleManager: Shutting down and abandoning module PortalServices (490)
[2023.05.04-14.15.48:154][113]LogModuleManager: Shutting down and abandoning module PortalRpc (488)
[2023.05.04-14.15.48:154][113]LogModuleManager: Shutting down and abandoning module MessagingRpc (486)
[2023.05.04-14.15.48:154][113]LogModuleManager: Shutting down and abandoning module AudioMixerXAudio2 (484)
[2023.05.04-14.15.48:154][113]LogModuleManager: Shutting down and abandoning module AudioMixerCore (483)
[2023.05.04-14.15.48:154][113]LogModuleManager: Shutting down and abandoning module ImageWriteQueue (480)
[2023.05.04-14.15.48:161][113]LogModuleManager: Shutting down and abandoning module ProfilerService (478)
[2023.05.04-14.15.48:219][113]LogModuleManager: Shutting down and abandoning module TaskGraph (476)
[2023.05.04-14.15.48:219][113]LogModuleManager: Shutting down and abandoning module OculusInput (474)
[2023.05.04-14.15.48:219][113]LogModuleManager: Shutting down and abandoning module AudioCapture (472)
[2023.05.04-14.15.48:219][113]LogModuleManager: Shutting down and abandoning module AudioCaptureRtAudio (471)
[2023.05.04-14.15.48:219][113]LogModuleManager: Shutting down and abandoning module Synthesis (468)
[2023.05.04-14.15.48:220][113]LogModuleManager: Shutting down and abandoning module ProceduralMeshComponent (466)
[2023.05.04-14.15.48:220][113]LogModuleManager: Shutting down and abandoning module MobilePatchingUtils (464)
[2023.05.04-14.15.48:220][113]LogModuleManager: Shutting down and abandoning module GooglePAD (462)
[2023.05.04-14.15.48:220][113]LogModuleManager: Shutting down and abandoning module TakeMovieScene (460)
[2023.05.04-14.15.48:220][113]LogModuleManager: Shutting down and abandoning module EditableMesh (458)
[2023.05.04-14.15.48:220][113]LogModuleManager: Shutting down and abandoning module CustomMeshComponent (456)
[2023.05.04-14.15.48:220][113]LogModuleManager: Shutting down and abandoning module CableComponent (454)
[2023.05.04-14.15.48:220][113]LogModuleManager: Shutting down and abandoning module ArchVisCharacter (452)
[2023.05.04-14.15.48:220][113]LogModuleManager: Shutting down and abandoning module AssetTags (450)
[2023.05.04-14.15.48:220][113]LogModuleManager: Shutting down and abandoning module AppleImageUtilsBlueprintSupport (448)
[2023.05.04-14.15.48:220][113]LogModuleManager: Shutting down and abandoning module AppleImageUtils (446)
[2023.05.04-14.15.48:220][113]LogModuleManager: Shutting down and abandoning module AndroidPermission (444)
[2023.05.04-14.15.48:220][113]LogModuleManager: Shutting down and abandoning module ActorLayerUtilities (442)
[2023.05.04-14.15.48:220][113]LogModuleManager: Shutting down and abandoning module OpenImageDenoise (440)
[2023.05.04-14.15.48:220][113]LogOpenImageDenoise: OIDN shutting down
[2023.05.04-14.15.48:220][113]LogModuleManager: Shutting down and abandoning module MotoSynth (438)
[2023.05.04-14.15.48:220][113]LogModuleManager: Shutting down and abandoning module MeshConversion (436)
[2023.05.04-14.15.48:220][113]LogModuleManager: Shutting down and abandoning module DynamicMesh (434)
[2023.05.04-14.15.48:220][113]LogModuleManager: Shutting down and abandoning module GeometryAlgorithms (432)
[2023.05.04-14.15.48:220][113]LogModuleManager: Shutting down and abandoning module GeometricObjects (430)
[2023.05.04-14.15.48:220][113]LogModuleManager: Shutting down and abandoning module GeometryCollectionTracks (428)
[2023.05.04-14.15.48:220][113]LogModuleManager: Shutting down and abandoning module GeometryCollectionSequencer (427)
[2023.05.04-14.15.48:220][113]LogModuleManager: Shutting down and abandoning module GeometryCacheTracks (424)
[2023.05.04-14.15.48:220][113]LogModuleManager: Shutting down and abandoning module GeometryCacheSequencer (423)
[2023.05.04-14.15.48:220][113]LogModuleManager: Shutting down and abandoning module GeometryCache (420)
[2023.05.04-14.15.48:220][113]LogModuleManager: Shutting down and abandoning module GeometryCacheEd (419)
[2023.05.04-14.15.48:220][113]LogModuleManager: Shutting down and abandoning module TemplateSequence (416)
[2023.05.04-14.15.48:220][113]LogModuleManager: Shutting down and abandoning module ChaosNiagara (414)
[2023.05.04-14.15.48:220][113]LogModuleManager: Shutting down and abandoning module FieldSystemEngine (413)
[2023.05.04-14.15.48:220][113]LogModuleManager: Shutting down and abandoning module BackChannel (410)
[2023.05.04-14.15.48:220][113]LogModuleManager: Shutting down and abandoning module AutomationUtils (408)
[2023.05.04-14.15.48:220][113]LogModuleManager: Shutting down and abandoning module MediaCompositing (406)
[2023.05.04-14.15.48:220][113]LogModuleManager: Shutting down and abandoning module ImgMedia (404)
[2023.05.04-14.15.48:220][113]LogModuleManager: Shutting down and abandoning module MagicLeapSharedWorld (402)
[2023.05.04-14.15.48:220][113]LogModuleManager: Shutting down and abandoning module MagicLeapLightEstimation (400)
[2023.05.04-14.15.48:220][113]LogModuleManager: Shutting down and abandoning module MagicLeapHelperVulkan (398)
[2023.05.04-14.15.48:220][113]LogModuleManager: Shutting down and abandoning module MagicLeapHelperOpenGL (396)
[2023.05.04-14.15.48:220][113]LogModuleManager: Shutting down and abandoning module MagicLeapAudio (394)
[2023.05.04-14.15.48:220][113]LogModuleManager: Shutting down and abandoning module UObjectPlugin (392)
[2023.05.04-14.15.48:220][113]LogModuleManager: Shutting down and abandoning module VisualStudioCodeSourceCodeAccess (390)
[2023.05.04-14.15.48:220][113]LogModuleManager: Shutting down and abandoning module VisualStudioSourceCodeAccess (388)
[2023.05.04-14.15.48:220][113]LogModuleManager: Shutting down and abandoning module HotReload (387)
[2023.05.04-14.15.48:220][113]LogModuleManager: Shutting down and abandoning module SubversionSourceControl (384)
[2023.05.04-14.15.48:220][113]LogModuleManager: Shutting down and abandoning module PerforceSourceControl (382)
[2023.05.04-14.15.48:220][113]LogModuleManager: Shutting down and abandoning module SourceControl (381)
[2023.05.04-14.15.48:220][113]LogModuleManager: Shutting down and abandoning module CLionSourceCodeAccess (378)
[2023.05.04-14.15.48:220][113]LogModuleManager: Shutting down and abandoning module OodleNetworkHandlerComponent (376)
[2023.05.04-14.15.48:220][113]LogModuleManager: Shutting down and abandoning module LiveLinkSequencer (374)
[2023.05.04-14.15.48:220][113]LogModuleManager: Shutting down and abandoning module LiveLinkMovieScene (372)
[2023.05.04-14.15.48:220][113]LogModuleManager: Shutting down and abandoning module LiveLinkGraphNode (370)
[2023.05.04-14.15.48:220][113]LogModuleManager: Shutting down and abandoning module LiveLinkComponents (368)
[2023.05.04-14.15.48:220][113]LogModuleManager: Shutting down and abandoning module LiveLink (366)
[2023.05.04-14.15.48:399][113]LogModuleManager: Shutting down and abandoning module LocationServicesBPLibrary (364)
[2023.05.04-14.15.48:399][113]LogModuleManager: Shutting down and abandoning module SoundFields (362)
[2023.05.04-14.15.48:399][113]LogModuleManager: Shutting down and abandoning module SignificanceManager (360)
[2023.05.04-14.15.48:399][113]LogModuleManager: Shutting down and abandoning module RuntimePhysXCooking (358)
[2023.05.04-14.15.48:399][113]LogModuleManager: Shutting down and abandoning module PropertyAccessEditor (356)
[2023.05.04-14.15.48:399][113]LogModuleManager: Shutting down and abandoning module PhysXVehiclesEditor (354)
[2023.05.04-14.15.48:399][113]LogModuleManager: Shutting down and abandoning module AssetManagerEditor (350)
[2023.05.04-14.15.48:399][113]LogModuleManager: Shutting down and abandoning module TreeMap (349)
[2023.05.04-14.15.48:399][113]LogModuleManager: Shutting down and abandoning module NiagaraAnimNotifies (346)
[2023.05.04-14.15.48:399][113]LogModuleManager: Shutting down and abandoning module Niagara (344)
[2023.05.04-14.15.48:399][113]LogModuleManager: Shutting down and abandoning module SignalProcessing (343)
[2023.05.04-14.15.48:399][113]LogModuleManager: Shutting down and abandoning module NiagaraEditor (341)
[2023.05.04-14.15.48:399][113]LogModuleManager: Shutting down and abandoning module ContentBrowser (340)
[2023.05.04-14.15.48:399][113]LogModuleManager: Shutting down and abandoning module CollectionManager (339)
[2023.05.04-14.15.48:400][113]LogModuleManager: Shutting down and abandoning module DirectoryWatcher (338)
[2023.05.04-14.15.48:400][113]LogModuleManager: Shutting down and abandoning module ContentBrowserData (335)
[2023.05.04-14.15.48:400][113]LogModuleManager: Shutting down and abandoning module NiagaraCore (330)
[2023.05.04-14.15.48:400][113]LogModuleManager: Shutting down and abandoning module AudioSynesthesia (328)
[2023.05.04-14.15.48:400][113]LogModuleManager: Shutting down and abandoning module AudioSynesthesiaCore (326)
[2023.05.04-14.15.48:400][113]LogModuleManager: Shutting down and abandoning module PythonScriptPlugin (324)
[2023.05.04-14.15.48:400][113]LogModuleManager: Shutting down and abandoning module ActorSequence (322)
[2023.05.04-14.15.48:400][113]LogModuleManager: Shutting down and abandoning module UdpMessaging (320)
[2023.05.04-14.15.48:500][113]LogModuleManager: Shutting down and abandoning module TcpMessaging (318)
[2023.05.04-14.15.48:927][113]LogModuleManager: Shutting down and abandoning module ImgMediaEngine (316)
[2023.05.04-14.15.48:927][113]LogModuleManager: Shutting down and abandoning module MagicLeapARPin (314)
[2023.05.04-14.15.48:927][113]LogModuleManager: Shutting down and abandoning module MagicLeapHandMeshing (312)
[2023.05.04-14.15.48:927][113]LogModuleManager: Shutting down and abandoning module MagicLeapSecureStorage (310)
[2023.05.04-14.15.48:927][113]LogModuleManager: Shutting down and abandoning module MagicLeapPrivileges (308)
[2023.05.04-14.15.48:927][113]LogModuleManager: Shutting down and abandoning module MagicLeapPlanes (306)
[2023.05.04-14.15.48:927][113]LogMagicLeapPlanes: Planes tracker already destroyed.
[2023.05.04-14.15.48:927][113]LogModuleManager: Shutting down and abandoning module MagicLeapImageTracker (304)
[2023.05.04-14.15.48:927][113]LogModuleManager: Shutting down and abandoning module MagicLeapIdentity (302)
[2023.05.04-14.15.48:927][113]LogModuleManager: Shutting down and abandoning module MagicLeapHandTracking (300)
[2023.05.04-14.15.48:927][113]LogModuleManager: Shutting down and abandoning module MagicLeapEyeTracker (298)
[2023.05.04-14.15.48:927][113]LogModuleManager: Shutting down and abandoning module MagicLeapController (296)
[2023.05.04-14.15.48:927][113]LogModuleManager: Shutting down and abandoning module MagicLeapARPinImpl (294)
[2023.05.04-14.15.48:927][113]LogModuleManager: Shutting down and abandoning module MagicLeapAR (292)
[2023.05.04-14.15.48:927][113]LogModuleManager: Shutting down and abandoning module GameplayCameras (290)
[2023.05.04-14.15.48:927][113]LogModuleManager: Shutting down and abandoning module GameplayTagsEditor (288)
[2023.05.04-14.15.48:927][113]LogModuleManager: Shutting down and abandoning module FacialAnimation (286)
[2023.05.04-14.15.48:927][113]LogModuleManager: Shutting down and abandoning module PropertyAccessNode (284)
[2023.05.04-14.15.48:927][113]LogModuleManager: Shutting down and abandoning module AnimationSharing (282)
[2023.05.04-14.15.48:927][113]LogModuleManager: Shutting down and abandoning module LightPropagationVolumeRuntime (280)
[2023.05.04-14.15.48:927][113]LogModuleManager: Shutting down and abandoning module EnvironmentQueryEditor (278)
[2023.05.04-14.15.48:927][113]LogModuleManager: Shutting down and abandoning module Paper2D (276)
[2023.05.04-14.15.48:927][113]LogModuleManager: Shutting down and abandoning module WindowsMoviePlayer (274)
[2023.05.04-14.15.48:927][113]LogModuleManager: Shutting down and abandoning module WebMMoviePlayer (272)
[2023.05.04-14.15.48:927][113]LogModuleManager: Shutting down and abandoning module NetworkReplayStreaming (270)
[2023.05.04-14.15.48:927][113]LogModuleManager: Shutting down and abandoning module PacketHandler (268)
[2023.05.04-14.15.48:927][113]LogModuleManager: Shutting down and abandoning module ClothingSystemEditor (266)
[2023.05.04-14.15.48:927][113]LogModuleManager: Shutting down and abandoning module ClothingSystemRuntimeNv (264)
[2023.05.04-14.15.48:927][113]LogModuleManager: Shutting down and abandoning module MediaAssets (262)
[2023.05.04-14.15.48:927][113]LogModuleManager: Shutting down and abandoning module Overlay (260)
[2023.05.04-14.15.48:927][113]LogModuleManager: Shutting down and abandoning module OverlayEditor (259)
[2023.05.04-14.15.48:927][113]LogModuleManager: Shutting down and abandoning module VREditor (256)
[2023.05.04-14.15.48:927][113]LogModuleManager: Shutting down and abandoning module StringTableEditor (254)
[2023.05.04-14.15.48:927][113]LogModuleManager: Shutting down and abandoning module GameplayTasksEditor (252)
[2023.05.04-14.15.48:927][113]LogModuleManager: Shutting down and abandoning module BehaviorTreeEditor (250)
[2023.05.04-14.15.48:927][113]LogModuleManager: Shutting down and abandoning module FunctionalTesting (248)
[2023.05.04-14.15.48:927][113]LogModuleManager: Shutting down and abandoning module CollisionAnalyzer (246)
[2023.05.04-14.15.48:927][113]LogModuleManager: Shutting down and abandoning module WorkspaceMenuStructure (245)
[2023.05.04-14.15.48:928][113]LogModuleManager: Shutting down and abandoning module UMG (242)
[2023.05.04-14.15.48:928][113]LogModuleManager: Shutting down and abandoning module UMGEditor (241)
[2023.05.04-14.15.48:928][113]LogModuleManager: Shutting down and abandoning module Sequencer (240)
[2023.05.04-14.15.48:928][113]LogModuleManager: Shutting down and abandoning module MessageLog (237)
[2023.05.04-14.15.48:928][113]LogModuleManager: Shutting down and abandoning module SlateReflector (232)
[2023.05.04-14.15.48:928][113]LogModuleManager: Shutting down and abandoning module Slate (230)
[2023.05.04-14.15.48:928][113]LogModuleManager: Shutting down and abandoning module SlateCore (228)
[2023.05.04-14.15.48:928][113]LogModuleManager: Shutting down and abandoning module LandscapeEditorUtilities (226)
[2023.05.04-14.15.48:928][113]LogModuleManager: Shutting down and abandoning module UnrealEd (224)
[2023.05.04-14.15.48:928][113]LogModuleManager: Shutting down and abandoning module MRMesh (222)
[2023.05.04-14.15.48:928][113]LogModuleManager: Shutting down and abandoning module Messaging (220)
[2023.05.04-14.15.48:928][113]LogModuleManager: Shutting down and abandoning module SourceCodeAccess (218)
[2023.05.04-14.15.48:928][113]LogModuleManager: Shutting down and abandoning module HeadMountedDisplay (216)
[2023.05.04-14.15.48:928][113]LogModuleManager: Shutting down and abandoning module XAudio2 (214)
[2023.05.04-14.15.48:928][113]LogModuleManager: Shutting down and abandoning module Networking (212)
[2023.05.04-14.15.48:928][113]LogModuleManager: Shutting down and abandoning module Core (210)
[2023.05.04-14.15.48:928][113]LogModuleManager: Shutting down and abandoning module MaterialEditor (208)
[2023.05.04-14.15.48:928][113]LogModuleManager: Shutting down and abandoning module MovieSceneTools (206)
[2023.05.04-14.15.48:928][113]LogModuleManager: Shutting down and abandoning module EditorStyle (205)
[2023.05.04-14.15.48:929][113]LogModuleManager: Shutting down and abandoning module KismetCompiler (202)
[2023.05.04-14.15.48:929][113]LogModuleManager: Shutting down and abandoning module MeshBuilder (200)
[2023.05.04-14.15.48:929][113]LogModuleManager: Shutting down and abandoning module MeshUtilities (198)
[2023.05.04-14.15.48:929][113]LogModuleManager: Shutting down and abandoning module MeshMergeUtilities (197)
[2023.05.04-14.15.48:929][113]LogModuleManager: Shutting down and abandoning module MeshReductionInterface (196)
[2023.05.04-14.15.48:929][113]LogModuleManager: Shutting down and abandoning module MeshBoneReduction (195)
[2023.05.04-14.15.48:929][113]LogModuleManager: Shutting down and abandoning module SkeletalMeshReduction (193)
[2023.05.04-14.15.48:929][113]LogModuleManager: Shutting down and abandoning module ProxyLODMeshReduction (191)
[2023.05.04-14.15.48:929][113]LogModuleManager: Shutting down and abandoning module QuadricMeshReduction (189)
[2023.05.04-14.15.48:929][113]LogModuleManager: Shutting down and abandoning module MaterialBaking (185)
[2023.05.04-14.15.48:929][113]LogModuleManager: Shutting down and abandoning module NullInstallBundleManager (180)
[2023.05.04-14.15.48:929][113]LogModuleManager: Shutting down and abandoning module PIEPreviewDeviceProfileSelector (178)
[2023.05.04-14.15.48:929][113]LogModuleManager: Shutting down and abandoning module DerivedDataCache (176)
[2023.05.04-14.15.48:929][113]LogModuleManager: Shutting down and abandoning module TargetPlatform (174)
[2023.05.04-14.15.48:929][113]LogModuleManager: Shutting down and abandoning module VulkanShaderFormat (173)
[2023.05.04-14.15.48:929][113]LogModuleManager: Shutting down and abandoning module ShaderFormatVectorVM (171)
[2023.05.04-14.15.48:929][113]LogModuleManager: Shutting down and abandoning module ShaderFormatOpenGL (169)
[2023.05.04-14.15.48:930][113]LogModuleManager: Shutting down and abandoning module ShaderFormatD3D (167)
[2023.05.04-14.15.48:930][113]LogModuleManager: Shutting down and abandoning module MetalShaderFormat (165)
[2023.05.04-14.15.48:930][113]LogModuleManager: Shutting down and abandoning module TextureFormatOodle (163)
[2023.05.04-14.15.48:930][113]LogModuleManager: Shutting down and abandoning module TextureFormatUncompressed (161)
[2023.05.04-14.15.48:930][113]LogModuleManager: Shutting down and abandoning module TextureFormatPVR (159)
[2023.05.04-14.15.48:930][113]LogModuleManager: Shutting down and abandoning module TextureFormatETC2 (157)
[2023.05.04-14.15.48:930][113]LogModuleManager: Shutting down and abandoning module TextureFormatDXT (155)
[2023.05.04-14.15.48:930][113]LogModuleManager: Shutting down and abandoning module TextureFormatIntelISPCTexComp (153)
[2023.05.04-14.15.48:930][113]LogModuleManager: Shutting down and abandoning module TextureFormatASTC (151)
[2023.05.04-14.15.48:930][113]LogModuleManager: Shutting down and abandoning module ImageWrapper (150)
[2023.05.04-14.15.48:930][113]LogModuleManager: Shutting down and abandoning module AudioFormatOpus (147)
[2023.05.04-14.15.48:930][113]LogModuleManager: Shutting down and abandoning module AudioFormatOgg (145)
[2023.05.04-14.15.48:930][113]LogModuleManager: Shutting down and abandoning module AudioFormatADPCM (143)
[2023.05.04-14.15.48:930][113]LogModuleManager: Shutting down and abandoning module WindowsServerTargetPlatform (141)
[2023.05.04-14.15.48:930][113]LogModuleManager: Shutting down and abandoning module WindowsClientTargetPlatform (139)
[2023.05.04-14.15.48:930][113]LogModuleManager: Shutting down and abandoning module WindowsTargetPlatform (137)
[2023.05.04-14.15.48:930][113]LogModuleManager: Shutting down and abandoning module WindowsNoEditorTargetPlatform (135)
[2023.05.04-14.15.48:930][113]LogModuleManager: Shutting down and abandoning module D3D11RHI (132)
[2023.05.04-14.15.48:930][113]LogModuleManager: Shutting down and abandoning module InputCore (130)
[2023.05.04-14.15.48:930][113]LogModuleManager: Shutting down and abandoning module Settings (128)
[2023.05.04-14.15.48:930][113]LogModuleManager: Shutting down and abandoning module PhysXCooking (126)
[2023.05.04-14.15.48:930][113]LogModuleManager: Shutting down and abandoning module Chaos (124)
[2023.05.04-14.15.48:930][113]LogModuleManager: Shutting down and abandoning module WindowsPlatformFeatures (122)
[2023.05.04-14.15.48:930][113]LogModuleManager: Shutting down and abandoning module GameplayMediaEncoder (121)
[2023.05.04-14.15.48:930][113]LogModuleManager: Shutting down and abandoning module AVEncoder (120)
[2023.05.04-14.15.48:930][113]LogModuleManager: Shutting down and abandoning module SteamVRInputDevice (116)
[2023.05.04-14.15.48:930][113]LogModuleManager: Shutting down and abandoning module SteamVRInput (114)
[2023.05.04-14.15.48:930][113]LogModuleManager: Shutting down and abandoning module SteamVR (112)
[2023.05.04-14.15.48:930][113]LogHMD: Freeing OpenVRDLLHandle.
[2023.05.04-14.15.48:930][113]LogModuleManager: Shutting down and abandoning module OculusHMD (110)
[2023.05.04-14.15.48:930][113]LogModuleManager: Shutting down and abandoning module OpenXRHandTracking (108)
[2023.05.04-14.15.48:930][113]LogSlate: Slate User Destroyed.  User Index 0, Is Virtual User: 0
[2023.05.04-14.15.48:930][113]LogModuleManager: Shutting down and abandoning module OpenXRAR (106)
[2023.05.04-14.15.48:930][113]LogModuleManager: Shutting down and abandoning module AugmentedReality (105)
[2023.05.04-14.15.48:930][113]LogModuleManager: Shutting down and abandoning module OpenXRHMD (102)
[2023.05.04-14.15.48:930][113]LogModuleManager: Shutting down and abandoning module OpenXREyeTracker (100)
[2023.05.04-14.15.48:930][113]LogModuleManager: Shutting down and abandoning module NiagaraVertexFactories (98)
[2023.05.04-14.15.48:930][113]LogModuleManager: Shutting down and abandoning module NiagaraShader (96)
[2023.05.04-14.15.48:930][113]LogModuleManager: Shutting down and abandoning module ExampleDeviceProfileSelector (94)
[2023.05.04-14.15.48:930][113]LogModuleManager: Shutting down and abandoning module ChunkDownloader (92)
[2023.05.04-14.15.48:930][113]LogModuleManager: Shutting down and abandoning module OnlineBlueprintSupport (90)
[2023.05.04-14.15.48:930][113]LogModuleManager: Shutting down and abandoning module OnlineSubsystem (86)
[2023.05.04-14.15.48:931][113]LogModuleManager: Shutting down and abandoning module XMPP (81)
[2023.05.04-14.15.48:931][113]LogModuleManager: Shutting down and abandoning module WebSockets (80)
[2023.05.04-14.15.48:940][113]LogModuleManager: Shutting down and abandoning module HTTP (77)
[2023.05.04-14.15.48:940][113]LogHttp: Display: cleaning up 0 outstanding Http requests.
[2023.05.04-14.15.48:972][113]LogModuleManager: Shutting down and abandoning module SSL (76)
[2023.05.04-14.15.48:973][113]LogModuleManager: Shutting down and abandoning module LauncherChunkInstaller (72)
[2023.05.04-14.15.48:973][113]LogModuleManager: Shutting down and abandoning module WmfMedia (70)
[2023.05.04-14.15.48:975][113]LogModuleManager: Shutting down and abandoning module Media (69)
[2023.05.04-14.15.48:975][113]LogModuleManager: Shutting down and abandoning module MediaInfo (68)
[2023.05.04-14.15.48:975][113]LogModuleManager: Shutting down and abandoning module ChaosCloth (64)
[2023.05.04-14.15.48:975][113]LogModuleManager: Shutting down and abandoning module ExrReaderGpu (62)
[2023.05.04-14.15.48:975][113]LogModuleManager: Shutting down and abandoning module MLSDK (60)
[2023.05.04-14.15.48:975][113]LogModuleManager: Shutting down and abandoning module MagicLeap (58)
[2023.05.04-14.15.48:975][113]LogModuleManager: Shutting down and abandoning module VariantManagerContent (56)
[2023.05.04-14.15.48:975][113]LogModuleManager: Shutting down and abandoning module DatasmithContent (54)
[2023.05.04-14.15.48:976][113]LogModuleManager: Shutting down and abandoning module PixWinPlugin (52)
[2023.05.04-14.15.48:976][113]LogModuleManager: Shutting down and abandoning module AISupportModule (50)
[2023.05.04-14.15.48:976][113]LogModuleManager: Shutting down and abandoning module DesktopPlatform (48)
[2023.05.04-14.15.48:976][113]LogModuleManager: Shutting down and abandoning module PythonScriptPluginPreload (46)
[2023.05.04-14.15.48:976][113]LogModuleManager: Shutting down and abandoning module PlatformCryptoOpenSSL (44)
[2023.05.04-14.15.48:976][113]LogModuleManager: Shutting down and abandoning module PlatformCryptoTypes (42)
[2023.05.04-14.15.48:976][113]LogModuleManager: Shutting down and abandoning module PlatformCrypto (40)
[2023.05.04-14.15.48:976][113]LogModuleManager: Shutting down and abandoning module OodleDataCompressionFormat (38)
[2023.05.04-14.15.48:976][113]LogModuleManager: Shutting down and abandoning module XGEController (36)
[2023.05.04-14.15.48:976][113]LogModuleManager: Shutting down and abandoning module AnimationModifiers (34)
[2023.05.04-14.15.48:976][113]LogModuleManager: Shutting down and abandoning module AudioEditor (32)
[2023.05.04-14.15.48:976][113]LogModuleManager: Shutting down and abandoning module PropertyEditor (31)
[2023.05.04-14.15.48:976][113]LogModuleManager: Shutting down and abandoning module TextureCompressor (28)
[2023.05.04-14.15.48:976][113]LogModuleManager: Shutting down and abandoning module RenderCore (26)
[2023.05.04-14.15.48:976][113]LogModuleManager: Shutting down and abandoning module Landscape (24)
[2023.05.04-14.15.48:976][113]LogModuleManager: Shutting down and abandoning module SlateRHIRenderer (22)
[2023.05.04-14.15.48:976][113]LogModuleManager: Shutting down and abandoning module AnimGraphRuntime (20)
[2023.05.04-14.15.48:976][113]LogModuleManager: Shutting down and abandoning module Renderer (18)
[2023.05.04-14.15.48:976][113]LogModuleManager: Shutting down and abandoning module Engine (16)
[2023.05.04-14.15.48:976][113]LogModuleManager: Shutting down and abandoning module CoreUObject (14)
[2023.05.04-14.15.48:976][113]LogModuleManager: Shutting down and abandoning module NetworkFile (12)
[2023.05.04-14.15.48:976][113]LogModuleManager: Shutting down and abandoning module CookedIterativeFile (10)
[2023.05.04-14.15.48:976][113]LogModuleManager: Shutting down and abandoning module StreamingFile (8)
[2023.05.04-14.15.48:976][113]LogModuleManager: Shutting down and abandoning module SandboxFile (6)
[2023.05.04-14.15.48:976][113]LogModuleManager: Shutting down and abandoning module PakFile (4)
[2023.05.04-14.15.48:977][113]LogModuleManager: Shutting down and abandoning module RSA (3)
[2023.05.04-14.15.49:246][113]LogContentStreaming: Display: There are 1 unreleased StreamingManagers
[2023.05.04-14.15.49:262][113]LogD3D11RHI: Shutdown
[2023.05.04-14.15.49:262][113]LogD3D11RHI: CleanupD3DDevice
[2023.05.04-14.15.49:266][113]LogD3D11RHI: Intel Extensions Framework unloaded
[2023.05.04-14.15.49:268][113]LogD3D11RHI: [IntelMetricsDiscovery] Stopped
[2023.05.04-14.15.49:268][113]LogExit: Exiting.
[2023.05.04-14.15.49:276][113]Log file closed, 05/04/23 15:15:49
